[ 2016-02-13T16:20:46+08:00 ] 192.168.1.99 /Admin/Gii/index.html
INFO: [ app_init ] --START--
INFO: Run Behavior\BuildLiteBehavior [ RunTime:0.000037s ]
INFO: [ app_init ] --END-- [ RunTime:0.000904s ]
NOTIC: [2] define() expects at least 2 parameters, 1 given /home/www/shop/admin.shop.com/Application/Admin/Conf/config.php 第 2 行.
INFO: [ app_begin ] --START--
INFO: Run Behavior\ReadHtmlCacheBehavior [ RunTime:0.000839s ]
INFO: [ app_begin ] --END-- [ RunTime:0.001075s ]
INFO: [ view_parse ] --START--
INFO: [ template_filter ] --START--
INFO: Run Behavior\ContentReplaceBehavior [ RunTime:0.000195s ]
INFO: [ template_filter ] --END-- [ RunTime:0.000498s ]
INFO: Run Behavior\ParseTemplateBehavior [ RunTime:0.053611s ]
INFO: [ view_parse ] --END-- [ RunTime:0.053900s ]
INFO: [ view_filter ] --START--
INFO: Run Behavior\WriteHtmlCacheBehavior [ RunTime:0.000485s ]
INFO: [ view_filter ] --END-- [ RunTime:0.000648s ]
INFO: [ app_end ] --START--
INFO: Run Behavior\ShowPageTraceBehavior [ RunTime:0.000989s ]
INFO: [ app_end ] --END-- [ RunTime:0.001115s ]

[ 2016-02-13T16:21:03+08:00 ] 192.168.1.99 /index.php/Admin/Gii/index.html
INFO: [ app_init ] --START--
INFO: Run Behavior\BuildLiteBehavior [ RunTime:0.000059s ]
INFO: [ app_init ] --END-- [ RunTime:0.000748s ]
NOTIC: [2] define() expects at least 2 parameters, 1 given /home/www/shop/admin.shop.com/Application/Admin/Conf/config.php 第 2 行.
INFO: [ app_begin ] --START--
INFO: Run Behavior\ReadHtmlCacheBehavior [ RunTime:0.000761s ]
INFO: [ app_begin ] --END-- [ RunTime:0.000964s ]
SQL: SELECT table_comment FROM information_schema.`TABLES` WHERE table_schema='shop' AND table_name='pay_type' [ RunTime:0.0030s ]
SQL: SHOW FULL COLUMNS FROM pay_type [ RunTime:0.0023s ]
NOTIC: [8] Undefined index: field_type /home/www/shop/admin.shop.com/Template/edit.tpl 第 11 行.
NOTIC: [8] Undefined index: field_type /home/www/shop/admin.shop.com/Template/edit.tpl 第 13 行.
NOTIC: [8] Undefined index: field_type /home/www/shop/admin.shop.com/Template/edit.tpl 第 19 行.
INFO: [ view_parse ] --START--
INFO: [ template_filter ] --START--
INFO: Run Behavior\ContentReplaceBehavior [ RunTime:0.000292s ]
INFO: [ template_filter ] --END-- [ RunTime:0.000775s ]
INFO: Run Behavior\ParseTemplateBehavior [ RunTime:0.012262s ]
INFO: [ view_parse ] --END-- [ RunTime:0.012332s ]
INFO: [ view_filter ] --START--
INFO: Run Behavior\WriteHtmlCacheBehavior [ RunTime:0.000434s ]
INFO: [ view_filter ] --END-- [ RunTime:0.000615s ]
INFO: [ app_end ] --START--
INFO: Run Behavior\ShowPageTraceBehavior [ RunTime:0.001194s ]
INFO: [ app_end ] --END-- [ RunTime:0.001466s ]

[ 2016-02-13T16:21:04+08:00 ] 192.168.1.99 /index.php/Admin/Gii/index.html
INFO: [ app_init ] --START--
INFO: Run Behavior\BuildLiteBehavior [ RunTime:0.000061s ]
INFO: [ app_init ] --END-- [ RunTime:0.000865s ]
NOTIC: [2] define() expects at least 2 parameters, 1 given /home/www/shop/admin.shop.com/Application/Admin/Conf/config.php 第 2 行.
INFO: [ app_begin ] --START--
INFO: Run Behavior\ReadHtmlCacheBehavior [ RunTime:0.000691s ]
INFO: [ app_begin ] --END-- [ RunTime:0.000829s ]
INFO: [ view_parse ] --START--
INFO: [ template_filter ] --START--
INFO: Run Behavior\ContentReplaceBehavior [ RunTime:0.000647s ]
INFO: [ template_filter ] --END-- [ RunTime:0.001000s ]
INFO: Run Behavior\ParseTemplateBehavior [ RunTime:0.016020s ]
INFO: [ view_parse ] --END-- [ RunTime:0.016420s ]
INFO: [ view_filter ] --START--
INFO: Run Behavior\WriteHtmlCacheBehavior [ RunTime:0.000784s ]
INFO: [ view_filter ] --END-- [ RunTime:0.000951s ]
INFO: [ app_end ] --START--
INFO: Run Behavior\ShowPageTraceBehavior [ RunTime:0.000976s ]
INFO: [ app_end ] --END-- [ RunTime:0.001481s ]

[ 2016-02-13T16:21:25+08:00 ] 192.168.1.99 /index.php/Admin/PayType/index.html
INFO: [ app_init ] --START--
INFO: Run Behavior\BuildLiteBehavior [ RunTime:0.000205s ]
INFO: [ app_init ] --END-- [ RunTime:0.000771s ]
NOTIC: [2] define() expects at least 2 parameters, 1 given /home/www/shop/admin.shop.com/Application/Admin/Conf/config.php 第 2 行.
INFO: [ app_begin ] --START--
INFO: Run Behavior\ReadHtmlCacheBehavior [ RunTime:0.000926s ]
INFO: [ app_begin ] --END-- [ RunTime:0.001034s ]
SQL: SHOW COLUMNS FROM `pay_type` [ RunTime:0.0027s ]
SQL: SELECT COUNT(*) AS tp_count FROM pay_type obj WHERE obj.status > -1 LIMIT 1   [ RunTime:0.0013s ]
SQL: SELECT * FROM pay_type obj WHERE obj.status > -1 LIMIT 0,2   [ RunTime:0.0016s ]
INFO: [ view_parse ] --START--
INFO: [ template_filter ] --START--
INFO: Run Behavior\ContentReplaceBehavior [ RunTime:0.000878s ]
INFO: [ template_filter ] --END-- [ RunTime:0.002652s ]
NOTIC: [8] Undefined index: keyword /home/www/shop/admin.shop.com/Runtime/Cache/Admin/fcb1cdfb3ccb8610c2cf3b8b0cbfb8c8.php 第 26 行.
INFO: Run Behavior\ParseTemplateBehavior [ RunTime:0.074847s ]
INFO: [ view_parse ] --END-- [ RunTime:0.075035s ]
INFO: [ view_filter ] --START--
INFO: Run Behavior\WriteHtmlCacheBehavior [ RunTime:0.000820s ]
INFO: [ view_filter ] --END-- [ RunTime:0.001039s ]
INFO: [ app_end ] --START--
INFO: Run Behavior\ShowPageTraceBehavior [ RunTime:0.001462s ]
INFO: [ app_end ] --END-- [ RunTime:0.001877s ]

[ 2016-02-13T16:21:28+08:00 ] 192.168.1.99 /index.php/Admin/PayType/add.html
INFO: [ app_init ] --START--
INFO: Run Behavior\BuildLiteBehavior [ RunTime:0.000192s ]
INFO: [ app_init ] --END-- [ RunTime:0.000758s ]
NOTIC: [2] define() expects at least 2 parameters, 1 given /home/www/shop/admin.shop.com/Application/Admin/Conf/config.php 第 2 行.
INFO: [ app_begin ] --START--
INFO: Run Behavior\ReadHtmlCacheBehavior [ RunTime:0.000684s ]
INFO: [ app_begin ] --END-- [ RunTime:0.000901s ]
SQL: SHOW COLUMNS FROM `pay_type` [ RunTime:0.0026s ]
INFO: [ view_parse ] --START--
INFO: [ template_filter ] --START--
INFO: Run Behavior\ContentReplaceBehavior [ RunTime:0.000444s ]
INFO: [ template_filter ] --END-- [ RunTime:0.000997s ]
NOTIC: [8] Undefined variable: name /home/www/shop/admin.shop.com/Runtime/Cache/Admin/8aa36dda5fa6dabc8371d5759f2947e1.php 第 29 行.
NOTIC: [8] Undefined variable: intro /home/www/shop/admin.shop.com/Runtime/Cache/Admin/8aa36dda5fa6dabc8371d5759f2947e1.php 第 35 行.
NOTIC: [8] Undefined variable: id /home/www/shop/admin.shop.com/Runtime/Cache/Admin/8aa36dda5fa6dabc8371d5759f2947e1.php 第 51 行.
INFO: Run Behavior\ParseTemplateBehavior [ RunTime:0.016395s ]
INFO: [ view_parse ] --END-- [ RunTime:0.016740s ]
INFO: [ view_filter ] --START--
INFO: Run Behavior\WriteHtmlCacheBehavior [ RunTime:0.000925s ]
INFO: [ view_filter ] --END-- [ RunTime:0.001180s ]
INFO: [ app_end ] --START--
INFO: Run Behavior\ShowPageTraceBehavior [ RunTime:0.000889s ]
INFO: [ app_end ] --END-- [ RunTime:0.001028s ]

[ 2016-02-13T16:21:54+08:00 ] 192.168.1.99 /index.php/Admin/PayType/add.html
INFO: [ app_init ] --START--
INFO: Run Behavior\BuildLiteBehavior [ RunTime:0.000055s ]
INFO: [ app_init ] --END-- [ RunTime:0.000527s ]
NOTIC: [2] define() expects at least 2 parameters, 1 given /home/www/shop/admin.shop.com/Application/Admin/Conf/config.php 第 2 行.
INFO: [ app_begin ] --START--
INFO: Run Behavior\ReadHtmlCacheBehavior [ RunTime:0.000530s ]
INFO: [ app_begin ] --END-- [ RunTime:0.000641s ]
SQL: SHOW COLUMNS FROM `pay_type` [ RunTime:0.0015s ]
SQL: INSERT INTO `pay_type` (`name`,`intro`,`is_default`,`status`,`id`) VALUES ('货到付款','送货上门后再收款，支持现金、POS机刷卡、支票支付','1','1','0') [ RunTime:0.0014s ]

[ 2016-02-13T16:21:55+08:00 ] 192.168.1.99 /index.php/Admin/PayType/index.html
INFO: [ app_init ] --START--
INFO: Run Behavior\BuildLiteBehavior [ RunTime:0.000075s ]
INFO: [ app_init ] --END-- [ RunTime:0.000897s ]
NOTIC: [2] define() expects at least 2 parameters, 1 given /home/www/shop/admin.shop.com/Application/Admin/Conf/config.php 第 2 行.
INFO: [ app_begin ] --START--
INFO: Run Behavior\ReadHtmlCacheBehavior [ RunTime:0.000629s ]
INFO: [ app_begin ] --END-- [ RunTime:0.000740s ]
SQL: SHOW COLUMNS FROM `pay_type` [ RunTime:0.0018s ]
SQL: SELECT COUNT(*) AS tp_count FROM pay_type obj WHERE obj.status > -1 LIMIT 1   [ RunTime:0.0012s ]
SQL: SELECT * FROM pay_type obj WHERE obj.status > -1 LIMIT 0,2   [ RunTime:0.0010s ]
INFO: [ view_parse ] --START--
INFO: [ template_filter ] --START--
INFO: Run Behavior\ContentReplaceBehavior [ RunTime:0.000193s ]
INFO: [ template_filter ] --END-- [ RunTime:0.000360s ]
NOTIC: [8] Undefined index: keyword /home/www/shop/admin.shop.com/Runtime/Cache/Admin/fcb1cdfb3ccb8610c2cf3b8b0cbfb8c8.php 第 26 行.
INFO: Run Behavior\ParseTemplateBehavior [ RunTime:0.014046s ]
INFO: [ view_parse ] --END-- [ RunTime:0.014249s ]
INFO: [ view_filter ] --START--
INFO: Run Behavior\WriteHtmlCacheBehavior [ RunTime:0.000287s ]
INFO: [ view_filter ] --END-- [ RunTime:0.000424s ]
INFO: [ app_end ] --START--
INFO: Run Behavior\ShowPageTraceBehavior [ RunTime:0.000763s ]
INFO: [ app_end ] --END-- [ RunTime:0.000927s ]

[ 2016-02-13T16:21:57+08:00 ] 192.168.1.99 /index.php/Admin/PayType/add.html
INFO: [ app_init ] --START--
INFO: Run Behavior\BuildLiteBehavior [ RunTime:0.000028s ]
INFO: [ app_init ] --END-- [ RunTime:0.000709s ]
NOTIC: [2] define() expects at least 2 parameters, 1 given /home/www/shop/admin.shop.com/Application/Admin/Conf/config.php 第 2 行.
INFO: [ app_begin ] --START--
INFO: Run Behavior\ReadHtmlCacheBehavior [ RunTime:0.000530s ]
INFO: [ app_begin ] --END-- [ RunTime:0.000782s ]
SQL: SHOW COLUMNS FROM `pay_type` [ RunTime:0.0019s ]
INFO: [ view_parse ] --START--
INFO: [ template_filter ] --START--
INFO: Run Behavior\ContentReplaceBehavior [ RunTime:0.000066s ]
INFO: [ template_filter ] --END-- [ RunTime:0.000457s ]
NOTIC: [8] Undefined variable: name /home/www/shop/admin.shop.com/Runtime/Cache/Admin/8aa36dda5fa6dabc8371d5759f2947e1.php 第 29 行.
NOTIC: [8] Undefined variable: intro /home/www/shop/admin.shop.com/Runtime/Cache/Admin/8aa36dda5fa6dabc8371d5759f2947e1.php 第 35 行.
NOTIC: [8] Undefined variable: id /home/www/shop/admin.shop.com/Runtime/Cache/Admin/8aa36dda5fa6dabc8371d5759f2947e1.php 第 51 行.
INFO: Run Behavior\ParseTemplateBehavior [ RunTime:0.012063s ]
INFO: [ view_parse ] --END-- [ RunTime:0.012234s ]
INFO: [ view_filter ] --START--
INFO: Run Behavior\WriteHtmlCacheBehavior [ RunTime:0.000750s ]
INFO: [ view_filter ] --END-- [ RunTime:0.000902s ]
INFO: [ app_end ] --START--
INFO: Run Behavior\ShowPageTraceBehavior [ RunTime:0.000468s ]
INFO: [ app_end ] --END-- [ RunTime:0.000590s ]

[ 2016-02-13T16:22:13+08:00 ] 192.168.1.99 /index.php/Admin/PayType/add.html
INFO: [ app_init ] --START--
INFO: Run Behavior\BuildLiteBehavior [ RunTime:0.000069s ]
INFO: [ app_init ] --END-- [ RunTime:0.000975s ]
NOTIC: [2] define() expects at least 2 parameters, 1 given /home/www/shop/admin.shop.com/Application/Admin/Conf/config.php 第 2 行.
INFO: [ app_begin ] --START--
INFO: Run Behavior\ReadHtmlCacheBehavior [ RunTime:0.000599s ]
INFO: [ app_begin ] --END-- [ RunTime:0.000773s ]
SQL: SHOW COLUMNS FROM `pay_type` [ RunTime:0.0029s ]
SQL: INSERT INTO `pay_type` (`name`,`intro`,`is_default`,`status`,`id`) VALUES ('在线支付','即时到帐，支持绝大数银行借记卡及部分银行信用卡','0','1','0') [ RunTime:0.0016s ]

[ 2016-02-13T16:22:14+08:00 ] 192.168.1.99 /index.php/Admin/PayType/index.html
INFO: [ app_init ] --START--
INFO: Run Behavior\BuildLiteBehavior [ RunTime:0.000032s ]
INFO: [ app_init ] --END-- [ RunTime:0.000826s ]
NOTIC: [2] define() expects at least 2 parameters, 1 given /home/www/shop/admin.shop.com/Application/Admin/Conf/config.php 第 2 行.
INFO: [ app_begin ] --START--
INFO: Run Behavior\ReadHtmlCacheBehavior [ RunTime:0.000590s ]
INFO: [ app_begin ] --END-- [ RunTime:0.000981s ]
SQL: SHOW COLUMNS FROM `pay_type` [ RunTime:0.0020s ]
SQL: SELECT COUNT(*) AS tp_count FROM pay_type obj WHERE obj.status > -1 LIMIT 1   [ RunTime:0.0019s ]
SQL: SELECT * FROM pay_type obj WHERE obj.status > -1 LIMIT 0,2   [ RunTime:0.0013s ]
INFO: [ view_parse ] --START--
INFO: [ template_filter ] --START--
INFO: Run Behavior\ContentReplaceBehavior [ RunTime:0.000666s ]
INFO: [ template_filter ] --END-- [ RunTime:0.001000s ]
NOTIC: [8] Undefined index: keyword /home/www/shop/admin.shop.com/Runtime/Cache/Admin/fcb1cdfb3ccb8610c2cf3b8b0cbfb8c8.php 第 26 行.
INFO: Run Behavior\ParseTemplateBehavior [ RunTime:0.018644s ]
INFO: [ view_parse ] --END-- [ RunTime:0.019070s ]
INFO: [ view_filter ] --START--
INFO: Run Behavior\WriteHtmlCacheBehavior [ RunTime:0.000444s ]
INFO: [ view_filter ] --END-- [ RunTime:0.001218s ]
INFO: [ app_end ] --START--
INFO: Run Behavior\ShowPageTraceBehavior [ RunTime:0.000768s ]
INFO: [ app_end ] --END-- [ RunTime:0.001090s ]

[ 2016-02-13T16:22:15+08:00 ] 192.168.1.99 /index.php/Admin/PayType/add.html
INFO: [ app_init ] --START--
INFO: Run Behavior\BuildLiteBehavior [ RunTime:0.000337s ]
INFO: [ app_init ] --END-- [ RunTime:0.000782s ]
NOTIC: [2] define() expects at least 2 parameters, 1 given /home/www/shop/admin.shop.com/Application/Admin/Conf/config.php 第 2 行.
INFO: [ app_begin ] --START--
INFO: Run Behavior\ReadHtmlCacheBehavior [ RunTime:0.000609s ]
INFO: [ app_begin ] --END-- [ RunTime:0.000767s ]
SQL: SHOW COLUMNS FROM `pay_type` [ RunTime:0.0020s ]
INFO: [ view_parse ] --START--
INFO: [ template_filter ] --START--
INFO: Run Behavior\ContentReplaceBehavior [ RunTime:0.000246s ]
INFO: [ template_filter ] --END-- [ RunTime:0.000873s ]
NOTIC: [8] Undefined variable: name /home/www/shop/admin.shop.com/Runtime/Cache/Admin/8aa36dda5fa6dabc8371d5759f2947e1.php 第 29 行.
NOTIC: [8] Undefined variable: intro /home/www/shop/admin.shop.com/Runtime/Cache/Admin/8aa36dda5fa6dabc8371d5759f2947e1.php 第 35 行.
NOTIC: [8] Undefined variable: id /home/www/shop/admin.shop.com/Runtime/Cache/Admin/8aa36dda5fa6dabc8371d5759f2947e1.php 第 51 行.
INFO: Run Behavior\ParseTemplateBehavior [ RunTime:0.015050s ]
INFO: [ view_parse ] --END-- [ RunTime:0.015233s ]
INFO: [ view_filter ] --START--
INFO: Run Behavior\WriteHtmlCacheBehavior [ RunTime:0.000715s ]
INFO: [ view_filter ] --END-- [ RunTime:0.000840s ]
INFO: [ app_end ] --START--
INFO: Run Behavior\ShowPageTraceBehavior [ RunTime:0.000858s ]
INFO: [ app_end ] --END-- [ RunTime:0.001279s ]

[ 2016-02-13T16:22:29+08:00 ] 192.168.1.99 /index.php/Admin/PayType/add.html
INFO: [ app_init ] --START--
INFO: Run Behavior\BuildLiteBehavior [ RunTime:0.000172s ]
INFO: [ app_init ] --END-- [ RunTime:0.000997s ]
NOTIC: [2] define() expects at least 2 parameters, 1 given /home/www/shop/admin.shop.com/Application/Admin/Conf/config.php 第 2 行.
INFO: [ app_begin ] --START--
INFO: Run Behavior\ReadHtmlCacheBehavior [ RunTime:0.001009s ]
INFO: [ app_begin ] --END-- [ RunTime:0.001219s ]
SQL: SHOW COLUMNS FROM `pay_type` [ RunTime:0.0020s ]
SQL: INSERT INTO `pay_type` (`name`,`intro`,`is_default`,`status`,`id`) VALUES ('上门自提','自提时付款，支持现金、POS刷卡、支票支付','0','1','0') [ RunTime:0.0021s ]

[ 2016-02-13T16:22:30+08:00 ] 192.168.1.99 /index.php/Admin/PayType/index.html
INFO: [ app_init ] --START--
INFO: Run Behavior\BuildLiteBehavior [ RunTime:0.000043s ]
INFO: [ app_init ] --END-- [ RunTime:0.001072s ]
NOTIC: [2] define() expects at least 2 parameters, 1 given /home/www/shop/admin.shop.com/Application/Admin/Conf/config.php 第 2 行.
INFO: [ app_begin ] --START--
INFO: Run Behavior\ReadHtmlCacheBehavior [ RunTime:0.000814s ]
INFO: [ app_begin ] --END-- [ RunTime:0.001063s ]
SQL: SHOW COLUMNS FROM `pay_type` [ RunTime:0.0024s ]
SQL: SELECT COUNT(*) AS tp_count FROM pay_type obj WHERE obj.status > -1 LIMIT 1   [ RunTime:0.0019s ]
SQL: SELECT * FROM pay_type obj WHERE obj.status > -1 LIMIT 0,2   [ RunTime:0.0020s ]
INFO: [ view_parse ] --START--
INFO: [ template_filter ] --START--
INFO: Run Behavior\ContentReplaceBehavior [ RunTime:0.000331s ]
INFO: [ template_filter ] --END-- [ RunTime:0.001000s ]
NOTIC: [8] Undefined index: keyword /home/www/shop/admin.shop.com/Runtime/Cache/Admin/fcb1cdfb3ccb8610c2cf3b8b0cbfb8c8.php 第 26 行.
INFO: Run Behavior\ParseTemplateBehavior [ RunTime:0.021411s ]
INFO: [ view_parse ] --END-- [ RunTime:0.021515s ]
INFO: [ view_filter ] --START--
INFO: Run Behavior\WriteHtmlCacheBehavior [ RunTime:0.000470s ]
INFO: [ view_filter ] --END-- [ RunTime:0.000724s ]
INFO: [ app_end ] --START--
INFO: Run Behavior\ShowPageTraceBehavior [ RunTime:0.000916s ]
INFO: [ app_end ] --END-- [ RunTime:0.001099s ]

[ 2016-02-13T16:22:31+08:00 ] 192.168.1.99 /index.php/Admin/PayType/add.html
INFO: [ app_init ] --START--
INFO: Run Behavior\BuildLiteBehavior [ RunTime:0.000033s ]
INFO: [ app_init ] --END-- [ RunTime:0.000927s ]
NOTIC: [2] define() expects at least 2 parameters, 1 given /home/www/shop/admin.shop.com/Application/Admin/Conf/config.php 第 2 行.
INFO: [ app_begin ] --START--
INFO: Run Behavior\ReadHtmlCacheBehavior [ RunTime:0.001275s ]
INFO: [ app_begin ] --END-- [ RunTime:0.001442s ]
SQL: SHOW COLUMNS FROM `pay_type` [ RunTime:0.0019s ]
INFO: [ view_parse ] --START--
INFO: [ template_filter ] --START--
INFO: Run Behavior\ContentReplaceBehavior [ RunTime:0.000193s ]
INFO: [ template_filter ] --END-- [ RunTime:0.000869s ]
NOTIC: [8] Undefined variable: name /home/www/shop/admin.shop.com/Runtime/Cache/Admin/8aa36dda5fa6dabc8371d5759f2947e1.php 第 29 行.
NOTIC: [8] Undefined variable: intro /home/www/shop/admin.shop.com/Runtime/Cache/Admin/8aa36dda5fa6dabc8371d5759f2947e1.php 第 35 行.
NOTIC: [8] Undefined variable: id /home/www/shop/admin.shop.com/Runtime/Cache/Admin/8aa36dda5fa6dabc8371d5759f2947e1.php 第 51 行.
INFO: Run Behavior\ParseTemplateBehavior [ RunTime:0.017375s ]
INFO: [ view_parse ] --END-- [ RunTime:0.017631s ]
INFO: [ view_filter ] --START--
INFO: Run Behavior\WriteHtmlCacheBehavior [ RunTime:0.000506s ]
INFO: [ view_filter ] --END-- [ RunTime:0.000711s ]
INFO: [ app_end ] --START--
INFO: Run Behavior\ShowPageTraceBehavior [ RunTime:0.001132s ]
INFO: [ app_end ] --END-- [ RunTime:0.001459s ]

[ 2016-02-13T16:22:44+08:00 ] 192.168.1.99 /index.php/Admin/PayType/add.html
INFO: [ app_init ] --START--
INFO: Run Behavior\BuildLiteBehavior [ RunTime:0.000047s ]
INFO: [ app_init ] --END-- [ RunTime:0.001330s ]
NOTIC: [2] define() expects at least 2 parameters, 1 given /home/www/shop/admin.shop.com/Application/Admin/Conf/config.php 第 2 行.
INFO: [ app_begin ] --START--
INFO: Run Behavior\ReadHtmlCacheBehavior [ RunTime:0.001604s ]
INFO: [ app_begin ] --END-- [ RunTime:0.002060s ]
SQL: SHOW COLUMNS FROM `pay_type` [ RunTime:0.0037s ]
SQL: INSERT INTO `pay_type` (`name`,`intro`,`is_default`,`status`,`id`) VALUES ('邮局汇款','通过快钱平台收款 汇款后1-3个工作日到账','0','1','0') [ RunTime:0.0024s ]

[ 2016-02-13T16:22:46+08:00 ] 192.168.1.99 /index.php/Admin/PayType/index.html
INFO: [ app_init ] --START--
INFO: Run Behavior\BuildLiteBehavior [ RunTime:0.000050s ]
INFO: [ app_init ] --END-- [ RunTime:0.001543s ]
NOTIC: [2] define() expects at least 2 parameters, 1 given /home/www/shop/admin.shop.com/Application/Admin/Conf/config.php 第 2 行.
INFO: [ app_begin ] --START--
INFO: Run Behavior\ReadHtmlCacheBehavior [ RunTime:0.001668s ]
INFO: [ app_begin ] --END-- [ RunTime:0.002134s ]
SQL: SHOW COLUMNS FROM `pay_type` [ RunTime:0.0035s ]
SQL: SELECT COUNT(*) AS tp_count FROM pay_type obj WHERE obj.status > -1 LIMIT 1   [ RunTime:0.0026s ]
SQL: SELECT * FROM pay_type obj WHERE obj.status > -1 LIMIT 0,2   [ RunTime:0.0071s ]
INFO: [ view_parse ] --START--
INFO: [ template_filter ] --START--
INFO: Run Behavior\ContentReplaceBehavior [ RunTime:0.000587s ]
INFO: [ template_filter ] --END-- [ RunTime:0.001004s ]
NOTIC: [8] Undefined index: keyword /home/www/shop/admin.shop.com/Runtime/Cache/Admin/fcb1cdfb3ccb8610c2cf3b8b0cbfb8c8.php 第 26 行.
INFO: Run Behavior\ParseTemplateBehavior [ RunTime:0.068990s ]
INFO: [ view_parse ] --END-- [ RunTime:0.069733s ]
INFO: [ view_filter ] --START--
INFO: Run Behavior\WriteHtmlCacheBehavior [ RunTime:0.001667s ]
INFO: [ view_filter ] --END-- [ RunTime:0.001948s ]
INFO: [ app_end ] --START--
INFO: Run Behavior\ShowPageTraceBehavior [ RunTime:0.002379s ]
INFO: [ app_end ] --END-- [ RunTime:0.002973s ]

[ 2016-02-13T16:22:50+08:00 ] 192.168.1.99 /index.php/Admin/PayType/edit/id/2.html
INFO: [ app_init ] --START--
INFO: Run Behavior\BuildLiteBehavior [ RunTime:0.000063s ]
INFO: [ app_init ] --END-- [ RunTime:0.001643s ]
NOTIC: [2] define() expects at least 2 parameters, 1 given /home/www/shop/admin.shop.com/Application/Admin/Conf/config.php 第 2 行.
INFO: [ app_begin ] --START--
INFO: Run Behavior\ReadHtmlCacheBehavior [ RunTime:0.001995s ]
INFO: [ app_begin ] --END-- [ RunTime:0.002655s ]
SQL: SHOW COLUMNS FROM `pay_type` [ RunTime:0.0040s ]
SQL: SELECT * FROM `pay_type` WHERE `id` = 2 LIMIT 1   [ RunTime:0.0025s ]
INFO: [ view_parse ] --START--
INFO: [ template_filter ] --START--
INFO: Run Behavior\ContentReplaceBehavior [ RunTime:0.000115s ]
INFO: [ template_filter ] --END-- [ RunTime:0.000992s ]
INFO: Run Behavior\ParseTemplateBehavior [ RunTime:0.031397s ]
INFO: [ view_parse ] --END-- [ RunTime:0.032481s ]
INFO: [ view_filter ] --START--
INFO: Run Behavior\WriteHtmlCacheBehavior [ RunTime:0.000931s ]
INFO: [ view_filter ] --END-- [ RunTime:0.001221s ]
INFO: [ app_end ] --START--
INFO: Run Behavior\ShowPageTraceBehavior [ RunTime:0.002087s ]
INFO: [ app_end ] --END-- [ RunTime:0.002670s ]

[ 2016-02-13T16:25:56+08:00 ] 192.168.1.99 /index.php/Admin/PayType/edit/id/2.html
INFO: [ app_init ] --START--
INFO: Run Behavior\BuildLiteBehavior [ RunTime:0.000110s ]
INFO: [ app_init ] --END-- [ RunTime:0.001421s ]
NOTIC: [2] define() expects at least 2 parameters, 1 given /home/www/shop/admin.shop.com/Application/Admin/Conf/config.php 第 2 行.
INFO: [ app_begin ] --START--
INFO: Run Behavior\ReadHtmlCacheBehavior [ RunTime:0.001553s ]
INFO: [ app_begin ] --END-- [ RunTime:0.002197s ]
SQL: SHOW COLUMNS FROM `pay_type` [ RunTime:0.0033s ]
SQL: SELECT * FROM `pay_type` WHERE `id` = 2 LIMIT 1   [ RunTime:0.0018s ]
INFO: [ view_parse ] --START--
INFO: [ template_filter ] --START--
INFO: Run Behavior\ContentReplaceBehavior [ RunTime:0.000365s ]
INFO: [ template_filter ] --END-- [ RunTime:0.000489s ]
INFO: Run Behavior\ParseTemplateBehavior [ RunTime:0.020158s ]
INFO: [ view_parse ] --END-- [ RunTime:0.020430s ]
INFO: [ view_filter ] --START--
INFO: Run Behavior\WriteHtmlCacheBehavior [ RunTime:0.000497s ]
INFO: [ view_filter ] --END-- [ RunTime:0.000680s ]
INFO: [ app_end ] --START--
INFO: Run Behavior\ShowPageTraceBehavior [ RunTime:0.001010s ]
INFO: [ app_end ] --END-- [ RunTime:0.001244s ]

[ 2016-02-13T16:25:57+08:00 ] 192.168.1.99 /index.php/Admin/PayType/edit/id/2.html
INFO: [ app_init ] --START--
INFO: Run Behavior\BuildLiteBehavior [ RunTime:0.000080s ]
INFO: [ app_init ] --END-- [ RunTime:0.000998s ]
NOTIC: [2] define() expects at least 2 parameters, 1 given /home/www/shop/admin.shop.com/Application/Admin/Conf/config.php 第 2 行.
INFO: [ app_begin ] --START--
INFO: Run Behavior\ReadHtmlCacheBehavior [ RunTime:0.001333s ]
INFO: [ app_begin ] --END-- [ RunTime:0.001494s ]
SQL: SHOW COLUMNS FROM `pay_type` [ RunTime:0.0024s ]
SQL: SELECT * FROM `pay_type` WHERE `id` = 2 LIMIT 1   [ RunTime:0.0016s ]
INFO: [ view_parse ] --START--
INFO: [ template_filter ] --START--
INFO: Run Behavior\ContentReplaceBehavior [ RunTime:0.000440s ]
INFO: [ template_filter ] --END-- [ RunTime:0.000861s ]
INFO: Run Behavior\ParseTemplateBehavior [ RunTime:0.016122s ]
INFO: [ view_parse ] --END-- [ RunTime:0.016288s ]
INFO: [ view_filter ] --START--
INFO: Run Behavior\WriteHtmlCacheBehavior [ RunTime:0.000497s ]
INFO: [ view_filter ] --END-- [ RunTime:0.000590s ]
INFO: [ app_end ] --START--
INFO: Run Behavior\ShowPageTraceBehavior [ RunTime:0.000708s ]
INFO: [ app_end ] --END-- [ RunTime:0.000858s ]

[ 2016-02-13T16:26:32+08:00 ] 192.168.1.99 /index.php/Admin/PayType/edit/id/2.html
INFO: [ app_init ] --START--
INFO: Run Behavior\BuildLiteBehavior [ RunTime:0.000094s ]
INFO: [ app_init ] --END-- [ RunTime:0.001337s ]
NOTIC: [2] define() expects at least 2 parameters, 1 given /home/www/shop/admin.shop.com/Application/Admin/Conf/config.php 第 2 行.
INFO: [ app_begin ] --START--
INFO: Run Behavior\ReadHtmlCacheBehavior [ RunTime:0.000821s ]
INFO: [ app_begin ] --END-- [ RunTime:0.001068s ]
SQL: SHOW COLUMNS FROM `pay_type` [ RunTime:0.0024s ]
SQL: SELECT * FROM `pay_type` WHERE `id` = 2 LIMIT 1   [ RunTime:0.0012s ]
INFO: [ view_parse ] --START--
INFO: [ template_filter ] --START--
INFO: Run Behavior\ContentReplaceBehavior [ RunTime:0.000020s ]
INFO: [ template_filter ] --END-- [ RunTime:0.000521s ]
NOTIC: [8] Undefined variable: 0 /home/www/shop/admin.shop.com/Runtime/Cache/Admin/8aa36dda5fa6dabc8371d5759f2947e1.php 第 43 行.
INFO: Run Behavior\ParseTemplateBehavior [ RunTime:0.016389s ]
INFO: [ view_parse ] --END-- [ RunTime:0.016646s ]
INFO: [ view_filter ] --START--
INFO: Run Behavior\WriteHtmlCacheBehavior [ RunTime:0.000459s ]
INFO: [ view_filter ] --END-- [ RunTime:0.000591s ]
INFO: [ app_end ] --START--
INFO: Run Behavior\ShowPageTraceBehavior [ RunTime:0.001170s ]
INFO: [ app_end ] --END-- [ RunTime:0.001299s ]

[ 2016-02-13T16:26:32+08:00 ] 192.168.1.99 /index.php/Admin/PayType/edit/id/2.html
INFO: [ app_init ] --START--
INFO: Run Behavior\BuildLiteBehavior [ RunTime:0.000067s ]
INFO: [ app_init ] --END-- [ RunTime:0.000855s ]
NOTIC: [2] define() expects at least 2 parameters, 1 given /home/www/shop/admin.shop.com/Application/Admin/Conf/config.php 第 2 行.
INFO: [ app_begin ] --START--
INFO: Run Behavior\ReadHtmlCacheBehavior [ RunTime:0.000983s ]
INFO: [ app_begin ] --END-- [ RunTime:0.001142s ]
SQL: SHOW COLUMNS FROM `pay_type` [ RunTime:0.0030s ]
SQL: SELECT * FROM `pay_type` WHERE `id` = 2 LIMIT 1   [ RunTime:0.0018s ]
INFO: [ view_parse ] --START--
INFO: [ template_filter ] --START--
INFO: Run Behavior\ContentReplaceBehavior [ RunTime:0.000521s ]
INFO: [ template_filter ] --END-- [ RunTime:0.000914s ]
NOTIC: [8] Undefined variable: 0 /home/www/shop/admin.shop.com/Runtime/Cache/Admin/8aa36dda5fa6dabc8371d5759f2947e1.php 第 43 行.
INFO: Run Behavior\ParseTemplateBehavior [ RunTime:0.017662s ]
INFO: [ view_parse ] --END-- [ RunTime:0.017916s ]
INFO: [ view_filter ] --START--
INFO: Run Behavior\WriteHtmlCacheBehavior [ RunTime:0.000169s ]
INFO: [ view_filter ] --END-- [ RunTime:0.000269s ]
INFO: [ app_end ] --START--
INFO: Run Behavior\ShowPageTraceBehavior [ RunTime:0.000855s ]
INFO: [ app_end ] --END-- [ RunTime:0.001005s ]

[ 2016-02-13T16:26:35+08:00 ] 192.168.1.99 /index.php/Admin/PayType/index.html
INFO: [ app_init ] --START--
INFO: Run Behavior\BuildLiteBehavior [ RunTime:0.000083s ]
INFO: [ app_init ] --END-- [ RunTime:0.000741s ]
NOTIC: [2] define() expects at least 2 parameters, 1 given /home/www/shop/admin.shop.com/Application/Admin/Conf/config.php 第 2 行.
INFO: [ app_begin ] --START--
INFO: Run Behavior\ReadHtmlCacheBehavior [ RunTime:0.000934s ]
INFO: [ app_begin ] --END-- [ RunTime:0.001050s ]
SQL: SHOW COLUMNS FROM `pay_type` [ RunTime:0.0024s ]
SQL: SELECT COUNT(*) AS tp_count FROM pay_type obj WHERE obj.status > -1 LIMIT 1   [ RunTime:0.0011s ]
SQL: SELECT * FROM pay_type obj WHERE obj.status > -1 LIMIT 0,2   [ RunTime:0.0013s ]
INFO: [ view_parse ] --START--
INFO: [ template_filter ] --START--
INFO: Run Behavior\ContentReplaceBehavior [ RunTime:0.000268s ]
INFO: [ template_filter ] --END-- [ RunTime:0.000399s ]
NOTIC: [8] Undefined index: keyword /home/www/shop/admin.shop.com/Runtime/Cache/Admin/fcb1cdfb3ccb8610c2cf3b8b0cbfb8c8.php 第 26 行.
INFO: Run Behavior\ParseTemplateBehavior [ RunTime:0.020095s ]
INFO: [ view_parse ] --END-- [ RunTime:0.020251s ]
INFO: [ view_filter ] --START--
INFO: Run Behavior\WriteHtmlCacheBehavior [ RunTime:0.000548s ]
INFO: [ view_filter ] --END-- [ RunTime:0.000648s ]
INFO: [ app_end ] --START--
INFO: Run Behavior\ShowPageTraceBehavior [ RunTime:0.000930s ]
INFO: [ app_end ] --END-- [ RunTime:0.001023s ]

[ 2016-02-13T16:26:36+08:00 ] 192.168.1.99 /index.php/Admin/PayType/edit/id/1.html
INFO: [ app_init ] --START--
INFO: Run Behavior\BuildLiteBehavior [ RunTime:0.000072s ]
INFO: [ app_init ] --END-- [ RunTime:0.001110s ]
NOTIC: [2] define() expects at least 2 parameters, 1 given /home/www/shop/admin.shop.com/Application/Admin/Conf/config.php 第 2 行.
INFO: [ app_begin ] --START--
INFO: Run Behavior\ReadHtmlCacheBehavior [ RunTime:0.000645s ]
INFO: [ app_begin ] --END-- [ RunTime:0.000947s ]
SQL: SHOW COLUMNS FROM `pay_type` [ RunTime:0.0021s ]
SQL: SELECT * FROM `pay_type` WHERE `id` = 1 LIMIT 1   [ RunTime:0.0012s ]
INFO: [ view_parse ] --START--
INFO: [ template_filter ] --START--
INFO: Run Behavior\ContentReplaceBehavior [ RunTime:0.000312s ]
INFO: [ template_filter ] --END-- [ RunTime:0.000868s ]
NOTIC: [8] Undefined variable: 1 /home/www/shop/admin.shop.com/Runtime/Cache/Admin/8aa36dda5fa6dabc8371d5759f2947e1.php 第 43 行.
INFO: Run Behavior\ParseTemplateBehavior [ RunTime:0.015493s ]
INFO: [ view_parse ] --END-- [ RunTime:0.015753s ]
INFO: [ view_filter ] --START--
INFO: Run Behavior\WriteHtmlCacheBehavior [ RunTime:0.000655s ]
INFO: [ view_filter ] --END-- [ RunTime:0.001246s ]
INFO: [ app_end ] --START--
INFO: Run Behavior\ShowPageTraceBehavior [ RunTime:0.000962s ]
INFO: [ app_end ] --END-- [ RunTime:0.001433s ]

[ 2016-02-13T16:28:32+08:00 ] 192.168.1.99 /index.php/Admin/PayType/edit/id/1.html
INFO: [ app_init ] --START--
INFO: Run Behavior\BuildLiteBehavior [ RunTime:0.000032s ]
INFO: [ app_init ] --END-- [ RunTime:0.000666s ]
NOTIC: [2] define() expects at least 2 parameters, 1 given /home/www/shop/admin.shop.com/Application/Admin/Conf/config.php 第 2 行.
INFO: [ app_begin ] --START--
INFO: Run Behavior\ReadHtmlCacheBehavior [ RunTime:0.000999s ]
INFO: [ app_begin ] --END-- [ RunTime:0.001153s ]
SQL: SHOW COLUMNS FROM `pay_type` [ RunTime:0.0027s ]
SQL: SELECT * FROM `pay_type` WHERE `id` = 1 LIMIT 1   [ RunTime:0.0013s ]
INFO: [ view_parse ] --START--
INFO: [ template_filter ] --START--
INFO: Run Behavior\ContentReplaceBehavior [ RunTime:0.000190s ]
INFO: [ template_filter ] --END-- [ RunTime:0.000357s ]
INFO: Run Behavior\ParseTemplateBehavior [ RunTime:0.016053s ]
INFO: [ view_parse ] --END-- [ RunTime:0.016161s ]
INFO: [ view_filter ] --START--
INFO: Run Behavior\WriteHtmlCacheBehavior [ RunTime:0.000474s ]
INFO: [ view_filter ] --END-- [ RunTime:0.000564s ]
INFO: [ app_end ] --START--
INFO: Run Behavior\ShowPageTraceBehavior [ RunTime:0.001286s ]
INFO: [ app_end ] --END-- [ RunTime:0.001458s ]

[ 2016-02-13T16:28:34+08:00 ] 192.168.1.99 /index.php/Admin/PayType/edit/id/1.html
INFO: [ app_init ] --START--
INFO: Run Behavior\BuildLiteBehavior [ RunTime:0.000165s ]
INFO: [ app_init ] --END-- [ RunTime:0.000758s ]
NOTIC: [2] define() expects at least 2 parameters, 1 given /home/www/shop/admin.shop.com/Application/Admin/Conf/config.php 第 2 行.
INFO: [ app_begin ] --START--
INFO: Run Behavior\ReadHtmlCacheBehavior [ RunTime:0.001061s ]
INFO: [ app_begin ] --END-- [ RunTime:0.001370s ]
SQL: SHOW COLUMNS FROM `pay_type` [ RunTime:0.0028s ]
SQL: SELECT * FROM `pay_type` WHERE `id` = 1 LIMIT 1   [ RunTime:0.0015s ]
INFO: [ view_parse ] --START--
INFO: [ template_filter ] --START--
INFO: Run Behavior\ContentReplaceBehavior [ RunTime:0.000379s ]
INFO: [ template_filter ] --END-- [ RunTime:0.000967s ]
INFO: Run Behavior\ParseTemplateBehavior [ RunTime:0.017414s ]
INFO: [ view_parse ] --END-- [ RunTime:0.017620s ]
INFO: [ view_filter ] --START--
INFO: Run Behavior\WriteHtmlCacheBehavior [ RunTime:0.000327s ]
INFO: [ view_filter ] --END-- [ RunTime:0.000579s ]
INFO: [ app_end ] --START--
INFO: Run Behavior\ShowPageTraceBehavior [ RunTime:0.001181s ]
INFO: [ app_end ] --END-- [ RunTime:0.001265s ]

[ 2016-02-13T16:28:38+08:00 ] 192.168.1.99 /index.php/Admin/PayType/index.html
INFO: [ app_init ] --START--
INFO: Run Behavior\BuildLiteBehavior [ RunTime:0.000032s ]
INFO: [ app_init ] --END-- [ RunTime:0.000824s ]
NOTIC: [2] define() expects at least 2 parameters, 1 given /home/www/shop/admin.shop.com/Application/Admin/Conf/config.php 第 2 行.
INFO: [ app_begin ] --START--
INFO: Run Behavior\ReadHtmlCacheBehavior [ RunTime:0.000735s ]
INFO: [ app_begin ] --END-- [ RunTime:0.000936s ]
SQL: SHOW COLUMNS FROM `pay_type` [ RunTime:0.0020s ]
SQL: SELECT COUNT(*) AS tp_count FROM pay_type obj WHERE obj.status > -1 LIMIT 1   [ RunTime:0.0042s ]
SQL: SELECT * FROM pay_type obj WHERE obj.status > -1 LIMIT 0,2   [ RunTime:0.0022s ]
INFO: [ view_parse ] --START--
INFO: [ template_filter ] --START--
INFO: Run Behavior\ContentReplaceBehavior [ RunTime:0.000415s ]
INFO: [ template_filter ] --END-- [ RunTime:0.001000s ]
NOTIC: [8] Undefined index: keyword /home/www/shop/admin.shop.com/Runtime/Cache/Admin/fcb1cdfb3ccb8610c2cf3b8b0cbfb8c8.php 第 26 行.
INFO: Run Behavior\ParseTemplateBehavior [ RunTime:0.019110s ]
INFO: [ view_parse ] --END-- [ RunTime:0.019734s ]
INFO: [ view_filter ] --START--
INFO: Run Behavior\WriteHtmlCacheBehavior [ RunTime:0.000580s ]
INFO: [ view_filter ] --END-- [ RunTime:0.000738s ]
INFO: [ app_end ] --START--
INFO: Run Behavior\ShowPageTraceBehavior [ RunTime:0.000871s ]
INFO: [ app_end ] --END-- [ RunTime:0.001075s ]

[ 2016-02-13T16:28:48+08:00 ] 192.168.1.99 /index.php/Admin/PayType/index.html
INFO: [ app_init ] --START--
INFO: Run Behavior\BuildLiteBehavior [ RunTime:0.000118s ]
INFO: [ app_init ] --END-- [ RunTime:0.001570s ]
NOTIC: [2] define() expects at least 2 parameters, 1 given /home/www/shop/admin.shop.com/Application/Admin/Conf/config.php 第 2 行.
INFO: [ app_begin ] --START--
INFO: Run Behavior\ReadHtmlCacheBehavior [ RunTime:0.001121s ]
INFO: [ app_begin ] --END-- [ RunTime:0.001524s ]
SQL: SHOW COLUMNS FROM `pay_type` [ RunTime:0.0031s ]
SQL: SELECT COUNT(*) AS tp_count FROM pay_type obj WHERE obj.status > -1 LIMIT 1   [ RunTime:0.0021s ]
SQL: SELECT * FROM pay_type obj WHERE obj.status > -1 LIMIT 0,2   [ RunTime:0.0029s ]
INFO: [ view_parse ] --START--
INFO: [ template_filter ] --START--
INFO: Run Behavior\ContentReplaceBehavior [ RunTime:0.000645s ]
INFO: [ template_filter ] --END-- [ RunTime:0.001000s ]
NOTIC: [8] Undefined index: keyword /home/www/shop/admin.shop.com/Runtime/Cache/Admin/fcb1cdfb3ccb8610c2cf3b8b0cbfb8c8.php 第 26 行.
INFO: Run Behavior\ParseTemplateBehavior [ RunTime:0.023337s ]
INFO: [ view_parse ] --END-- [ RunTime:0.023847s ]
INFO: [ view_filter ] --START--
INFO: Run Behavior\WriteHtmlCacheBehavior [ RunTime:0.001152s ]
INFO: [ view_filter ] --END-- [ RunTime:0.001947s ]
INFO: [ app_end ] --START--
INFO: Run Behavior\ShowPageTraceBehavior [ RunTime:0.001150s ]
INFO: [ app_end ] --END-- [ RunTime:0.001552s ]

[ 2016-02-13T16:28:50+08:00 ] 192.168.1.99 /index.php/Admin/PayType/edit/id/2.html
INFO: [ app_init ] --START--
INFO: Run Behavior\BuildLiteBehavior [ RunTime:0.000032s ]
INFO: [ app_init ] --END-- [ RunTime:0.000810s ]
NOTIC: [2] define() expects at least 2 parameters, 1 given /home/www/shop/admin.shop.com/Application/Admin/Conf/config.php 第 2 行.
INFO: [ app_begin ] --START--
INFO: Run Behavior\ReadHtmlCacheBehavior [ RunTime:0.000555s ]
INFO: [ app_begin ] --END-- [ RunTime:0.000833s ]
SQL: SHOW COLUMNS FROM `pay_type` [ RunTime:0.0022s ]
SQL: SELECT * FROM `pay_type` WHERE `id` = 2 LIMIT 1   [ RunTime:0.0019s ]
INFO: [ view_parse ] --START--
INFO: [ template_filter ] --START--
INFO: Run Behavior\ContentReplaceBehavior [ RunTime:0.000322s ]
INFO: [ template_filter ] --END-- [ RunTime:0.001000s ]
INFO: Run Behavior\ParseTemplateBehavior [ RunTime:0.015929s ]
INFO: [ view_parse ] --END-- [ RunTime:0.016142s ]
INFO: [ view_filter ] --START--
INFO: Run Behavior\WriteHtmlCacheBehavior [ RunTime:0.000360s ]
INFO: [ view_filter ] --END-- [ RunTime:0.000493s ]
INFO: [ app_end ] --START--
INFO: Run Behavior\ShowPageTraceBehavior [ RunTime:0.000908s ]
INFO: [ app_end ] --END-- [ RunTime:0.001083s ]

[ 2016-02-13T16:28:53+08:00 ] 192.168.1.99 /index.php/Admin/PayType/edit.html
INFO: [ app_init ] --START--
INFO: Run Behavior\BuildLiteBehavior [ RunTime:0.000031s ]
INFO: [ app_init ] --END-- [ RunTime:0.000827s ]
NOTIC: [2] define() expects at least 2 parameters, 1 given /home/www/shop/admin.shop.com/Application/Admin/Conf/config.php 第 2 行.
INFO: [ app_begin ] --START--
INFO: Run Behavior\ReadHtmlCacheBehavior [ RunTime:0.000787s ]
INFO: [ app_begin ] --END-- [ RunTime:0.000949s ]
SQL: SHOW COLUMNS FROM `pay_type` [ RunTime:0.0030s ]
SQL: UPDATE `pay_type` SET `name`='在线支付',`intro`='即时到帐，支持绝大数银行借记卡及部分银行信用卡',`is_default`='1',`status`='1' WHERE `id` = 2 [ RunTime:0.0018s ]

[ 2016-02-13T16:28:54+08:00 ] 192.168.1.99 /index.php/Admin/PayType/index.html
INFO: [ app_init ] --START--
INFO: Run Behavior\BuildLiteBehavior [ RunTime:0.000050s ]
INFO: [ app_init ] --END-- [ RunTime:0.000635s ]
NOTIC: [2] define() expects at least 2 parameters, 1 given /home/www/shop/admin.shop.com/Application/Admin/Conf/config.php 第 2 行.
INFO: [ app_begin ] --START--
INFO: Run Behavior\ReadHtmlCacheBehavior [ RunTime:0.000608s ]
INFO: [ app_begin ] --END-- [ RunTime:0.000826s ]
SQL: SHOW COLUMNS FROM `pay_type` [ RunTime:0.0054s ]
SQL: SELECT COUNT(*) AS tp_count FROM pay_type obj WHERE obj.status > -1 LIMIT 1   [ RunTime:0.0019s ]
SQL: SELECT * FROM pay_type obj WHERE obj.status > -1 LIMIT 0,2   [ RunTime:0.0014s ]
INFO: [ view_parse ] --START--
INFO: [ template_filter ] --START--
INFO: Run Behavior\ContentReplaceBehavior [ RunTime:0.000324s ]
INFO: [ template_filter ] --END-- [ RunTime:0.000889s ]
NOTIC: [8] Undefined index: keyword /home/www/shop/admin.shop.com/Runtime/Cache/Admin/fcb1cdfb3ccb8610c2cf3b8b0cbfb8c8.php 第 26 行.
INFO: Run Behavior\ParseTemplateBehavior [ RunTime:0.019714s ]
INFO: [ view_parse ] --END-- [ RunTime:0.019943s ]
INFO: [ view_filter ] --START--
INFO: Run Behavior\WriteHtmlCacheBehavior [ RunTime:0.000720s ]
INFO: [ view_filter ] --END-- [ RunTime:0.000880s ]
INFO: [ app_end ] --START--
INFO: Run Behavior\ShowPageTraceBehavior [ RunTime:0.000591s ]
INFO: [ app_end ] --END-- [ RunTime:0.000785s ]

[ 2016-02-13T16:28:56+08:00 ] 192.168.1.99 /index.php/Admin/PayType/edit/id/2.html
INFO: [ app_init ] --START--
INFO: Run Behavior\BuildLiteBehavior [ RunTime:0.000376s ]
INFO: [ app_init ] --END-- [ RunTime:0.001332s ]
NOTIC: [2] define() expects at least 2 parameters, 1 given /home/www/shop/admin.shop.com/Application/Admin/Conf/config.php 第 2 行.
INFO: [ app_begin ] --START--
INFO: Run Behavior\ReadHtmlCacheBehavior [ RunTime:0.001180s ]
INFO: [ app_begin ] --END-- [ RunTime:0.001333s ]
SQL: SHOW COLUMNS FROM `pay_type` [ RunTime:0.0031s ]
SQL: SELECT * FROM `pay_type` WHERE `id` = 2 LIMIT 1   [ RunTime:0.0020s ]
INFO: [ view_parse ] --START--
INFO: [ template_filter ] --START--
INFO: Run Behavior\ContentReplaceBehavior [ RunTime:0.000336s ]
INFO: [ template_filter ] --END-- [ RunTime:0.000667s ]
INFO: Run Behavior\ParseTemplateBehavior [ RunTime:0.017968s ]
INFO: [ view_parse ] --END-- [ RunTime:0.018177s ]
INFO: [ view_filter ] --START--
INFO: Run Behavior\WriteHtmlCacheBehavior [ RunTime:0.000586s ]
INFO: [ view_filter ] --END-- [ RunTime:0.000789s ]
INFO: [ app_end ] --START--
INFO: Run Behavior\ShowPageTraceBehavior [ RunTime:0.001000s ]
INFO: [ app_end ] --END-- [ RunTime:0.001256s ]

[ 2016-02-13T16:28:58+08:00 ] 192.168.1.99 /index.php/Admin/PayType/edit.html
INFO: [ app_init ] --START--
INFO: Run Behavior\BuildLiteBehavior [ RunTime:0.000084s ]
INFO: [ app_init ] --END-- [ RunTime:0.000732s ]
NOTIC: [2] define() expects at least 2 parameters, 1 given /home/www/shop/admin.shop.com/Application/Admin/Conf/config.php 第 2 行.
INFO: [ app_begin ] --START--
INFO: Run Behavior\ReadHtmlCacheBehavior [ RunTime:0.000805s ]
INFO: [ app_begin ] --END-- [ RunTime:0.000989s ]
SQL: SHOW COLUMNS FROM `pay_type` [ RunTime:0.0015s ]
SQL: UPDATE `pay_type` SET `name`='在线支付',`intro`='即时到帐，支持绝大数银行借记卡及部分银行信用卡',`is_default`='0',`status`='1' WHERE `id` = 2 [ RunTime:0.0020s ]

[ 2016-02-13T16:28:58+08:00 ] 192.168.1.99 /index.php/Admin/PayType/edit.html
INFO: [ app_init ] --START--
INFO: Run Behavior\BuildLiteBehavior [ RunTime:0.000033s ]
INFO: [ app_init ] --END-- [ RunTime:0.000834s ]
NOTIC: [2] define() expects at least 2 parameters, 1 given /home/www/shop/admin.shop.com/Application/Admin/Conf/config.php 第 2 行.
INFO: [ app_begin ] --START--
INFO: Run Behavior\ReadHtmlCacheBehavior [ RunTime:0.000946s ]
INFO: [ app_begin ] --END-- [ RunTime:0.001111s ]
SQL: SHOW COLUMNS FROM `pay_type` [ RunTime:0.0032s ]
SQL: UPDATE `pay_type` SET `name`='在线支付',`intro`='即时到帐，支持绝大数银行借记卡及部分银行信用卡',`is_default`='0',`status`='1' WHERE `id` = 2 [ RunTime:0.0013s ]

[ 2016-02-13T16:28:58+08:00 ] 192.168.1.99 /index.php/Admin/PayType/index.html
INFO: [ app_init ] --START--
INFO: Run Behavior\BuildLiteBehavior [ RunTime:0.000032s ]
INFO: [ app_init ] --END-- [ RunTime:0.000697s ]
NOTIC: [2] define() expects at least 2 parameters, 1 given /home/www/shop/admin.shop.com/Application/Admin/Conf/config.php 第 2 行.
INFO: [ app_begin ] --START--
INFO: Run Behavior\ReadHtmlCacheBehavior [ RunTime:0.001197s ]
INFO: [ app_begin ] --END-- [ RunTime:0.001505s ]
SQL: SHOW COLUMNS FROM `pay_type` [ RunTime:0.0020s ]
SQL: SELECT COUNT(*) AS tp_count FROM pay_type obj WHERE obj.status > -1 LIMIT 1   [ RunTime:0.0012s ]
SQL: SELECT * FROM pay_type obj WHERE obj.status > -1 LIMIT 0,2   [ RunTime:0.0010s ]
INFO: [ view_parse ] --START--
INFO: [ template_filter ] --START--
INFO: Run Behavior\ContentReplaceBehavior [ RunTime:0.000209s ]
INFO: [ template_filter ] --END-- [ RunTime:0.000376s ]
NOTIC: [8] Undefined index: keyword /home/www/shop/admin.shop.com/Runtime/Cache/Admin/fcb1cdfb3ccb8610c2cf3b8b0cbfb8c8.php 第 26 行.
INFO: Run Behavior\ParseTemplateBehavior [ RunTime:0.020694s ]
INFO: [ view_parse ] --END-- [ RunTime:0.020804s ]
INFO: [ view_filter ] --START--
INFO: Run Behavior\WriteHtmlCacheBehavior [ RunTime:0.000376s ]
INFO: [ view_filter ] --END-- [ RunTime:0.000466s ]
INFO: [ app_end ] --START--
INFO: Run Behavior\ShowPageTraceBehavior [ RunTime:0.001083s ]
INFO: [ app_end ] --END-- [ RunTime:0.001246s ]

