[ 2016-02-17T22:05:35+08:00 ] 192.168.1.99 /index.php/Admin/PayType/index.html
INFO: [ app_init ] --START--
INFO: Run Behavior\BuildLiteBehavior [ RunTime:0.000152s ]
INFO: [ app_init ] --END-- [ RunTime:0.002698s ]
NOTIC: [2] define() expects at least 2 parameters, 1 given /home/www/shop/admin.shop.com/Application/Admin/Conf/config.php 第 2 行.
INFO: [ app_begin ] --START--
INFO: Run Behavior\ReadHtmlCacheBehavior [ RunTime:0.002419s ]
INFO: [ app_begin ] --END-- [ RunTime:0.002732s ]
SQL: SHOW COLUMNS FROM `pay_type` [ RunTime:0.1365s ]
SQL: SELECT COUNT(*) AS tp_count FROM pay_type obj WHERE obj.status > -1 LIMIT 1   [ RunTime:0.0143s ]
SQL: SELECT * FROM pay_type obj WHERE obj.status > -1 LIMIT 0,2   [ RunTime:0.0014s ]
INFO: [ view_parse ] --START--
INFO: [ template_filter ] --START--
INFO: Run Behavior\ContentReplaceBehavior [ RunTime:0.023234s ]
INFO: [ template_filter ] --END-- [ RunTime:0.023573s ]
NOTIC: [8] Undefined index: keyword /home/www/shop/admin.shop.com/Runtime/Cache/Admin/fcb1cdfb3ccb8610c2cf3b8b0cbfb8c8.php 第 26 行.
INFO: Run Behavior\ParseTemplateBehavior [ RunTime:0.227468s ]
INFO: [ view_parse ] --END-- [ RunTime:0.227816s ]
INFO: [ view_filter ] --START--
INFO: Run Behavior\WriteHtmlCacheBehavior [ RunTime:0.002087s ]
INFO: [ view_filter ] --END-- [ RunTime:0.002489s ]
INFO: [ app_end ] --START--
INFO: Run Behavior\ShowPageTraceBehavior [ RunTime:0.001752s ]
INFO: [ app_end ] --END-- [ RunTime:0.001848s ]

[ 2016-02-17T22:07:00+08:00 ] 192.168.1.99 /index.php/Admin/Goods/index.html
INFO: [ app_init ] --START--
INFO: Run Behavior\BuildLiteBehavior [ RunTime:0.000061s ]
INFO: [ app_init ] --END-- [ RunTime:0.001164s ]
NOTIC: [2] define() expects at least 2 parameters, 1 given /home/www/shop/admin.shop.com/Application/Admin/Conf/config.php 第 2 行.
INFO: [ app_begin ] --START--
INFO: Run Behavior\ReadHtmlCacheBehavior [ RunTime:0.000930s ]
INFO: [ app_begin ] --END-- [ RunTime:0.001115s ]
NOTIC: [2048] Declaration of Admin\Controller\GoodsController::_setWheres() should be compatible with Admin\Controller\BaseController::_setWheres($wheres) /home/www/shop/admin.shop.com/Application/Admin/Controller/GoodsController.class.php 第 7 行.
NOTIC: [2048] Declaration of Admin\Model\GoodsModel::add() should be compatible with Think\Model::add($data = '', $options = Array, $replace = false) /home/www/shop/admin.shop.com/Application/Admin/Model/GoodsModel.class.php 第 7 行.
NOTIC: [2048] Declaration of Admin\Model\GoodsModel::save() should be compatible with Think\Model::save($data = '', $options = Array) /home/www/shop/admin.shop.com/Application/Admin/Model/GoodsModel.class.php 第 7 行.
SQL: SHOW COLUMNS FROM `goods` [ RunTime:0.1626s ]
SQL: SELECT COUNT(*) AS tp_count FROM goods obj WHERE obj.status > -1 LIMIT 1   [ RunTime:0.0020s ]
SQL: SELECT obj.*,gc.name AS goods_category_name,b.name AS goods_brand_name,s.`name` AS goods_supplier_name FROM goods obj INNER JOIN goods_category AS gc ON obj.`goods_category_id`=gc.`id` INNER JOIN brand AS b ON obj.`brand_id`=b.`id` INNER JOIN supplier AS s ON obj.`supplier_id`=s.`id`  WHERE obj.status > -1 LIMIT 0,2   [ RunTime:0.2490s ]
SQL: SHOW COLUMNS FROM `brand` [ RunTime:0.0021s ]
SQL: SELECT `id`,`name` FROM `brand` WHERE `status` > -1  [ RunTime:0.0018s ]
SQL: SHOW COLUMNS FROM `supplier` [ RunTime:0.0083s ]
SQL: SELECT `id`,`name` FROM `supplier` WHERE `status` > -1  [ RunTime:0.0098s ]
NOTIC: [2048] Declaration of Admin\Model\GoodsCategoryModel::add() should be compatible with Think\Model::add($data = '', $options = Array, $replace = false) /home/www/shop/admin.shop.com/Application/Admin/Model/GoodsCategoryModel.class.php 第 73 行.
NOTIC: [2048] Declaration of Admin\Model\GoodsCategoryModel::save() should be compatible with Think\Model::save($data = '', $options = Array) /home/www/shop/admin.shop.com/Application/Admin/Model/GoodsCategoryModel.class.php 第 73 行.
SQL: SHOW COLUMNS FROM `goods_category` [ RunTime:0.0021s ]
SQL: SELECT `id`,`name`,`parent_id` FROM `goods_category` WHERE `status` > -1 ORDER BY `lft`  [ RunTime:0.0018s ]
INFO: [ view_parse ] --START--
INFO: [ template_filter ] --START--
INFO: Run Behavior\ContentReplaceBehavior [ RunTime:0.000754s ]
INFO: [ template_filter ] --END-- [ RunTime:0.001224s ]
NOTIC: [8] Undefined index: keyword /home/www/shop/admin.shop.com/Runtime/Cache/Admin/928e4186d3a815a74df1ac6bb32e9bee.php 第 28 行.
INFO: Run Behavior\ParseTemplateBehavior [ RunTime:0.041733s ]
INFO: [ view_parse ] --END-- [ RunTime:0.041938s ]
INFO: [ view_filter ] --START--
INFO: Run Behavior\WriteHtmlCacheBehavior [ RunTime:0.000698s ]
INFO: [ view_filter ] --END-- [ RunTime:0.000885s ]
INFO: [ app_end ] --START--
INFO: Run Behavior\ShowPageTraceBehavior [ RunTime:0.001593s ]
INFO: [ app_end ] --END-- [ RunTime:0.001964s ]

[ 2016-02-17T22:07:04+08:00 ] 192.168.1.99 /index.php/Admin/Goods/index/p/2.html
INFO: [ app_init ] --START--
INFO: Run Behavior\BuildLiteBehavior [ RunTime:0.000082s ]
INFO: [ app_init ] --END-- [ RunTime:0.000981s ]
NOTIC: [2] define() expects at least 2 parameters, 1 given /home/www/shop/admin.shop.com/Application/Admin/Conf/config.php 第 2 行.
INFO: [ app_begin ] --START--
INFO: Run Behavior\ReadHtmlCacheBehavior [ RunTime:0.001040s ]
INFO: [ app_begin ] --END-- [ RunTime:0.001202s ]
NOTIC: [2048] Declaration of Admin\Controller\GoodsController::_setWheres() should be compatible with Admin\Controller\BaseController::_setWheres($wheres) /home/www/shop/admin.shop.com/Application/Admin/Controller/GoodsController.class.php 第 7 行.
NOTIC: [2048] Declaration of Admin\Model\GoodsModel::add() should be compatible with Think\Model::add($data = '', $options = Array, $replace = false) /home/www/shop/admin.shop.com/Application/Admin/Model/GoodsModel.class.php 第 7 行.
NOTIC: [2048] Declaration of Admin\Model\GoodsModel::save() should be compatible with Think\Model::save($data = '', $options = Array) /home/www/shop/admin.shop.com/Application/Admin/Model/GoodsModel.class.php 第 7 行.
SQL: SHOW COLUMNS FROM `goods` [ RunTime:0.0030s ]
SQL: SELECT COUNT(*) AS tp_count FROM goods obj WHERE obj.status > -1 LIMIT 1   [ RunTime:0.0022s ]
SQL: SELECT obj.*,gc.name AS goods_category_name,b.name AS goods_brand_name,s.`name` AS goods_supplier_name FROM goods obj INNER JOIN goods_category AS gc ON obj.`goods_category_id`=gc.`id` INNER JOIN brand AS b ON obj.`brand_id`=b.`id` INNER JOIN supplier AS s ON obj.`supplier_id`=s.`id`  WHERE obj.status > -1 LIMIT 2,2   [ RunTime:0.0024s ]
SQL: SHOW COLUMNS FROM `brand` [ RunTime:0.0016s ]
SQL: SELECT `id`,`name` FROM `brand` WHERE `status` > -1  [ RunTime:0.0015s ]
SQL: SHOW COLUMNS FROM `supplier` [ RunTime:0.0024s ]
SQL: SELECT `id`,`name` FROM `supplier` WHERE `status` > -1  [ RunTime:0.0016s ]
NOTIC: [2048] Declaration of Admin\Model\GoodsCategoryModel::add() should be compatible with Think\Model::add($data = '', $options = Array, $replace = false) /home/www/shop/admin.shop.com/Application/Admin/Model/GoodsCategoryModel.class.php 第 73 行.
NOTIC: [2048] Declaration of Admin\Model\GoodsCategoryModel::save() should be compatible with Think\Model::save($data = '', $options = Array) /home/www/shop/admin.shop.com/Application/Admin/Model/GoodsCategoryModel.class.php 第 73 行.
SQL: SHOW COLUMNS FROM `goods_category` [ RunTime:0.0024s ]
SQL: SELECT `id`,`name`,`parent_id` FROM `goods_category` WHERE `status` > -1 ORDER BY `lft`  [ RunTime:0.0014s ]
INFO: [ view_parse ] --START--
INFO: [ template_filter ] --START--
INFO: Run Behavior\ContentReplaceBehavior [ RunTime:0.000860s ]
INFO: [ template_filter ] --END-- [ RunTime:0.001537s ]
NOTIC: [8] Undefined index: keyword /home/www/shop/admin.shop.com/Runtime/Cache/Admin/928e4186d3a815a74df1ac6bb32e9bee.php 第 28 行.
INFO: Run Behavior\ParseTemplateBehavior [ RunTime:0.028626s ]
INFO: [ view_parse ] --END-- [ RunTime:0.029066s ]
INFO: [ view_filter ] --START--
INFO: Run Behavior\WriteHtmlCacheBehavior [ RunTime:0.000786s ]
INFO: [ view_filter ] --END-- [ RunTime:0.000951s ]
INFO: [ app_end ] --START--
INFO: Run Behavior\ShowPageTraceBehavior [ RunTime:0.000644s ]
INFO: [ app_end ] --END-- [ RunTime:0.001332s ]

[ 2016-02-17T22:07:06+08:00 ] 192.168.1.99 /index.php/Admin/Goods/index/p/3.html
INFO: [ app_init ] --START--
INFO: Run Behavior\BuildLiteBehavior [ RunTime:0.000043s ]
INFO: [ app_init ] --END-- [ RunTime:0.000848s ]
NOTIC: [2] define() expects at least 2 parameters, 1 given /home/www/shop/admin.shop.com/Application/Admin/Conf/config.php 第 2 行.
INFO: [ app_begin ] --START--
INFO: Run Behavior\ReadHtmlCacheBehavior [ RunTime:0.001038s ]
INFO: [ app_begin ] --END-- [ RunTime:0.001151s ]
NOTIC: [2048] Declaration of Admin\Controller\GoodsController::_setWheres() should be compatible with Admin\Controller\BaseController::_setWheres($wheres) /home/www/shop/admin.shop.com/Application/Admin/Controller/GoodsController.class.php 第 7 行.
NOTIC: [2048] Declaration of Admin\Model\GoodsModel::add() should be compatible with Think\Model::add($data = '', $options = Array, $replace = false) /home/www/shop/admin.shop.com/Application/Admin/Model/GoodsModel.class.php 第 7 行.
NOTIC: [2048] Declaration of Admin\Model\GoodsModel::save() should be compatible with Think\Model::save($data = '', $options = Array) /home/www/shop/admin.shop.com/Application/Admin/Model/GoodsModel.class.php 第 7 行.
SQL: SHOW COLUMNS FROM `goods` [ RunTime:0.0030s ]
SQL: SELECT COUNT(*) AS tp_count FROM goods obj WHERE obj.status > -1 LIMIT 1   [ RunTime:0.0016s ]
SQL: SELECT obj.*,gc.name AS goods_category_name,b.name AS goods_brand_name,s.`name` AS goods_supplier_name FROM goods obj INNER JOIN goods_category AS gc ON obj.`goods_category_id`=gc.`id` INNER JOIN brand AS b ON obj.`brand_id`=b.`id` INNER JOIN supplier AS s ON obj.`supplier_id`=s.`id`  WHERE obj.status > -1 LIMIT 4,2   [ RunTime:0.0019s ]
SQL: SHOW COLUMNS FROM `brand` [ RunTime:0.0019s ]
SQL: SELECT `id`,`name` FROM `brand` WHERE `status` > -1  [ RunTime:0.0010s ]
SQL: SHOW COLUMNS FROM `supplier` [ RunTime:0.0016s ]
SQL: SELECT `id`,`name` FROM `supplier` WHERE `status` > -1  [ RunTime:0.0010s ]
NOTIC: [2048] Declaration of Admin\Model\GoodsCategoryModel::add() should be compatible with Think\Model::add($data = '', $options = Array, $replace = false) /home/www/shop/admin.shop.com/Application/Admin/Model/GoodsCategoryModel.class.php 第 73 行.
NOTIC: [2048] Declaration of Admin\Model\GoodsCategoryModel::save() should be compatible with Think\Model::save($data = '', $options = Array) /home/www/shop/admin.shop.com/Application/Admin/Model/GoodsCategoryModel.class.php 第 73 行.
SQL: SHOW COLUMNS FROM `goods_category` [ RunTime:0.0026s ]
SQL: SELECT `id`,`name`,`parent_id` FROM `goods_category` WHERE `status` > -1 ORDER BY `lft`  [ RunTime:0.0011s ]
INFO: [ view_parse ] --START--
INFO: [ template_filter ] --START--
INFO: Run Behavior\ContentReplaceBehavior [ RunTime:0.000944s ]
INFO: [ template_filter ] --END-- [ RunTime:0.001080s ]
NOTIC: [8] Undefined index: keyword /home/www/shop/admin.shop.com/Runtime/Cache/Admin/928e4186d3a815a74df1ac6bb32e9bee.php 第 28 行.
INFO: Run Behavior\ParseTemplateBehavior [ RunTime:0.024646s ]
INFO: [ view_parse ] --END-- [ RunTime:0.024755s ]
INFO: [ view_filter ] --START--
INFO: Run Behavior\WriteHtmlCacheBehavior [ RunTime:0.000320s ]
INFO: [ view_filter ] --END-- [ RunTime:0.000463s ]
INFO: [ app_end ] --START--
INFO: Run Behavior\ShowPageTraceBehavior [ RunTime:0.000877s ]
INFO: [ app_end ] --END-- [ RunTime:0.001078s ]

[ 2016-02-17T22:07:10+08:00 ] 192.168.1.99 /index.php/Admin/Goods/add.html
INFO: [ app_init ] --START--
INFO: Run Behavior\BuildLiteBehavior [ RunTime:0.000078s ]
INFO: [ app_init ] --END-- [ RunTime:0.000868s ]
NOTIC: [2] define() expects at least 2 parameters, 1 given /home/www/shop/admin.shop.com/Application/Admin/Conf/config.php 第 2 行.
INFO: [ app_begin ] --START--
INFO: Run Behavior\ReadHtmlCacheBehavior [ RunTime:0.000874s ]
INFO: [ app_begin ] --END-- [ RunTime:0.001028s ]
NOTIC: [2048] Declaration of Admin\Controller\GoodsController::_setWheres() should be compatible with Admin\Controller\BaseController::_setWheres($wheres) /home/www/shop/admin.shop.com/Application/Admin/Controller/GoodsController.class.php 第 7 行.
NOTIC: [2048] Declaration of Admin\Model\GoodsModel::add() should be compatible with Think\Model::add($data = '', $options = Array, $replace = false) /home/www/shop/admin.shop.com/Application/Admin/Model/GoodsModel.class.php 第 7 行.
NOTIC: [2048] Declaration of Admin\Model\GoodsModel::save() should be compatible with Think\Model::save($data = '', $options = Array) /home/www/shop/admin.shop.com/Application/Admin/Model/GoodsModel.class.php 第 7 行.
SQL: SHOW COLUMNS FROM `goods` [ RunTime:0.0030s ]
NOTIC: [2048] Declaration of Admin\Model\GoodsCategoryModel::add() should be compatible with Think\Model::add($data = '', $options = Array, $replace = false) /home/www/shop/admin.shop.com/Application/Admin/Model/GoodsCategoryModel.class.php 第 73 行.
NOTIC: [2048] Declaration of Admin\Model\GoodsCategoryModel::save() should be compatible with Think\Model::save($data = '', $options = Array) /home/www/shop/admin.shop.com/Application/Admin/Model/GoodsCategoryModel.class.php 第 73 行.
SQL: SHOW COLUMNS FROM `goods_category` [ RunTime:0.0017s ]
SQL: SELECT `id`,`name`,`parent_id` FROM `goods_category` WHERE `status` > -1 ORDER BY `lft`  [ RunTime:0.0017s ]
SQL: SHOW COLUMNS FROM `brand` [ RunTime:0.0012s ]
SQL: SELECT `id`,`name` FROM `brand` WHERE `status` > -1  [ RunTime:0.0012s ]
SQL: SHOW COLUMNS FROM `supplier` [ RunTime:0.0016s ]
SQL: SELECT `id`,`name` FROM `supplier` WHERE `status` > -1  [ RunTime:0.0013s ]
SQL: SHOW COLUMNS FROM `member_level` [ RunTime:0.0517s ]
SQL: SELECT * FROM `member_level`  [ RunTime:0.0207s ]
INFO: [ view_parse ] --START--
INFO: [ template_filter ] --START--
INFO: Run Behavior\ContentReplaceBehavior [ RunTime:0.000697s ]
INFO: [ template_filter ] --END-- [ RunTime:0.001092s ]
NOTIC: [8] Undefined variable: name /home/www/shop/admin.shop.com/Runtime/Cache/Admin/2fe8c3fc38585a821d6a0ccfe2887a27.php 第 41 行.
NOTIC: [8] Undefined variable: short_name /home/www/shop/admin.shop.com/Runtime/Cache/Admin/2fe8c3fc38585a821d6a0ccfe2887a27.php 第 48 行.
NOTIC: [8] Undefined variable: brand_id /home/www/shop/admin.shop.com/Runtime/Cache/Admin/2fe8c3fc38585a821d6a0ccfe2887a27.php 第 75 行.
NOTIC: [8] Undefined variable: supplier_id /home/www/shop/admin.shop.com/Runtime/Cache/Admin/2fe8c3fc38585a821d6a0ccfe2887a27.php 第 82 行.
NOTIC: [8] Undefined variable: shop_price /home/www/shop/admin.shop.com/Runtime/Cache/Admin/2fe8c3fc38585a821d6a0ccfe2887a27.php 第 89 行.
NOTIC: [8] Undefined variable: market_price /home/www/shop/admin.shop.com/Runtime/Cache/Admin/2fe8c3fc38585a821d6a0ccfe2887a27.php 第 96 行.
NOTIC: [8] Undefined variable: logo /home/www/shop/admin.shop.com/Runtime/Cache/Admin/2fe8c3fc38585a821d6a0ccfe2887a27.php 第 103 行.
NOTIC: [8] Undefined variable: logo /home/www/shop/admin.shop.com/Runtime/Cache/Admin/2fe8c3fc38585a821d6a0ccfe2887a27.php 第 107 行.
NOTIC: [8] Undefined variable: stock /home/www/shop/admin.shop.com/Runtime/Cache/Admin/2fe8c3fc38585a821d6a0ccfe2887a27.php 第 115 行.
NOTIC: [8] Undefined variable: intro /home/www/shop/admin.shop.com/Runtime/Cache/Admin/2fe8c3fc38585a821d6a0ccfe2887a27.php 第 142 行.
NOTIC: [8] Undefined variable: goods_member_prices /home/www/shop/admin.shop.com/Runtime/Cache/Admin/2fe8c3fc38585a821d6a0ccfe2887a27.php 第 150 行.
NOTIC: [8] Undefined variable: goods_member_prices /home/www/shop/admin.shop.com/Runtime/Cache/Admin/2fe8c3fc38585a821d6a0ccfe2887a27.php 第 150 行.
NOTIC: [8] Undefined variable: goods_member_prices /home/www/shop/admin.shop.com/Runtime/Cache/Admin/2fe8c3fc38585a821d6a0ccfe2887a27.php 第 150 行.
NOTIC: [8] Undefined variable: name /home/www/shop/admin.shop.com/Runtime/Cache/Admin/2fe8c3fc38585a821d6a0ccfe2887a27.php 第 158 行.
NOTIC: [8] Undefined variable: goods_photos /home/www/shop/admin.shop.com/Runtime/Cache/Admin/2fe8c3fc38585a821d6a0ccfe2887a27.php 第 182 行.
NOTIC: [8] Undefined variable: goods_articles /home/www/shop/admin.shop.com/Runtime/Cache/Admin/2fe8c3fc38585a821d6a0ccfe2887a27.php 第 226 行.
NOTIC: [8] Undefined variable: goods_articles /home/www/shop/admin.shop.com/Runtime/Cache/Admin/2fe8c3fc38585a821d6a0ccfe2887a27.php 第 229 行.
NOTIC: [8] Undefined variable: id /home/www/shop/admin.shop.com/Runtime/Cache/Admin/2fe8c3fc38585a821d6a0ccfe2887a27.php 第 235 行.
INFO: Run Behavior\ParseTemplateBehavior [ RunTime:0.070040s ]
INFO: [ view_parse ] --END-- [ RunTime:0.070251s ]
INFO: [ view_filter ] --START--
INFO: Run Behavior\WriteHtmlCacheBehavior [ RunTime:0.000842s ]
INFO: [ view_filter ] --END-- [ RunTime:0.000944s ]
INFO: [ app_end ] --START--
INFO: Run Behavior\ShowPageTraceBehavior [ RunTime:0.000752s ]
INFO: [ app_end ] --END-- [ RunTime:0.001000s ]

[ 2016-02-17T22:07:15+08:00 ] 192.168.1.99 /index.php/Admin/Goods/
INFO: [ app_init ] --START--
INFO: Run Behavior\BuildLiteBehavior [ RunTime:0.000093s ]
INFO: [ app_init ] --END-- [ RunTime:0.001245s ]
NOTIC: [2] define() expects at least 2 parameters, 1 given /home/www/shop/admin.shop.com/Application/Admin/Conf/config.php 第 2 行.
INFO: [ app_begin ] --START--
INFO: Run Behavior\ReadHtmlCacheBehavior [ RunTime:0.001003s ]
INFO: [ app_begin ] --END-- [ RunTime:0.001268s ]
NOTIC: [2048] Declaration of Admin\Controller\GoodsController::_setWheres() should be compatible with Admin\Controller\BaseController::_setWheres($wheres) /home/www/shop/admin.shop.com/Application/Admin/Controller/GoodsController.class.php 第 7 行.
NOTIC: [2048] Declaration of Admin\Model\GoodsModel::add() should be compatible with Think\Model::add($data = '', $options = Array, $replace = false) /home/www/shop/admin.shop.com/Application/Admin/Model/GoodsModel.class.php 第 7 行.
NOTIC: [2048] Declaration of Admin\Model\GoodsModel::save() should be compatible with Think\Model::save($data = '', $options = Array) /home/www/shop/admin.shop.com/Application/Admin/Model/GoodsModel.class.php 第 7 行.
SQL: SHOW COLUMNS FROM `goods` [ RunTime:0.0055s ]
ERR: 非法操作:index.php

[ 2016-02-17T22:18:36+08:00 ] 192.168.1.99 /Admin/Gii/index.html
INFO: [ app_init ] --START--
INFO: Run Behavior\BuildLiteBehavior [ RunTime:0.000077s ]
INFO: [ app_init ] --END-- [ RunTime:0.000857s ]
NOTIC: [2] define() expects at least 2 parameters, 1 given /home/www/shop/admin.shop.com/Application/Admin/Conf/config.php 第 2 行.
INFO: [ app_begin ] --START--
INFO: Run Behavior\ReadHtmlCacheBehavior [ RunTime:0.001895s ]
INFO: [ app_begin ] --END-- [ RunTime:0.002080s ]
INFO: [ view_parse ] --START--
INFO: [ template_filter ] --START--
INFO: Run Behavior\ContentReplaceBehavior [ RunTime:0.000335s ]
INFO: [ template_filter ] --END-- [ RunTime:0.000675s ]
INFO: Run Behavior\ParseTemplateBehavior [ RunTime:0.071520s ]
INFO: [ view_parse ] --END-- [ RunTime:0.071849s ]
INFO: [ view_filter ] --START--
INFO: Run Behavior\WriteHtmlCacheBehavior [ RunTime:0.000476s ]
INFO: [ view_filter ] --END-- [ RunTime:0.000573s ]
INFO: [ app_end ] --START--
INFO: Run Behavior\ShowPageTraceBehavior [ RunTime:0.000907s ]
INFO: [ app_end ] --END-- [ RunTime:0.000986s ]

[ 2016-02-17T22:18:51+08:00 ] 192.168.1.99 /index.php/Admin/Gii/index.html
INFO: [ app_init ] --START--
INFO: Run Behavior\BuildLiteBehavior [ RunTime:0.000050s ]
INFO: [ app_init ] --END-- [ RunTime:0.001480s ]
NOTIC: [2] define() expects at least 2 parameters, 1 given /home/www/shop/admin.shop.com/Application/Admin/Conf/config.php 第 2 行.
INFO: [ app_begin ] --START--
INFO: Run Behavior\ReadHtmlCacheBehavior [ RunTime:0.001572s ]
INFO: [ app_begin ] --END-- [ RunTime:0.002041s ]
SQL: SELECT table_comment FROM information_schema.`TABLES` WHERE table_schema='shop' AND table_name='goods_type' [ RunTime:0.0023s ]
SQL: SHOW FULL COLUMNS FROM goods_type [ RunTime:0.0040s ]
NOTIC: [8] Undefined index: field_type /home/www/shop/admin.shop.com/Template/edit.tpl 第 11 行.
NOTIC: [8] Undefined index: field_type /home/www/shop/admin.shop.com/Template/edit.tpl 第 13 行.
NOTIC: [8] Undefined index: field_type /home/www/shop/admin.shop.com/Template/edit.tpl 第 19 行.
NOTIC: [8] Undefined index: field_type /home/www/shop/admin.shop.com/Template/edit.tpl 第 11 行.
NOTIC: [8] Undefined index: field_type /home/www/shop/admin.shop.com/Template/edit.tpl 第 13 行.
INFO: [ view_parse ] --START--
INFO: [ template_filter ] --START--
INFO: Run Behavior\ContentReplaceBehavior [ RunTime:0.000133s ]
INFO: [ template_filter ] --END-- [ RunTime:0.001086s ]
INFO: Run Behavior\ParseTemplateBehavior [ RunTime:0.044032s ]
INFO: [ view_parse ] --END-- [ RunTime:0.044340s ]
INFO: [ view_filter ] --START--
INFO: Run Behavior\WriteHtmlCacheBehavior [ RunTime:0.000935s ]
INFO: [ view_filter ] --END-- [ RunTime:0.001702s ]
INFO: [ app_end ] --START--
INFO: Run Behavior\ShowPageTraceBehavior [ RunTime:0.002054s ]
INFO: [ app_end ] --END-- [ RunTime:0.002528s ]

[ 2016-02-17T22:18:53+08:00 ] 192.168.1.99 /index.php/Admin/Gii/index.html
INFO: [ app_init ] --START--
INFO: Run Behavior\BuildLiteBehavior [ RunTime:0.000189s ]
INFO: [ app_init ] --END-- [ RunTime:0.001763s ]
NOTIC: [2] define() expects at least 2 parameters, 1 given /home/www/shop/admin.shop.com/Application/Admin/Conf/config.php 第 2 行.
INFO: [ app_begin ] --START--
INFO: Run Behavior\ReadHtmlCacheBehavior [ RunTime:0.001637s ]
INFO: [ app_begin ] --END-- [ RunTime:0.001940s ]
INFO: [ view_parse ] --START--
INFO: [ template_filter ] --START--
INFO: Run Behavior\ContentReplaceBehavior [ RunTime:0.000834s ]
INFO: [ template_filter ] --END-- [ RunTime:0.001706s ]
INFO: Run Behavior\ParseTemplateBehavior [ RunTime:0.030878s ]
INFO: [ view_parse ] --END-- [ RunTime:0.031223s ]
INFO: [ view_filter ] --START--
INFO: Run Behavior\WriteHtmlCacheBehavior [ RunTime:0.000584s ]
INFO: [ view_filter ] --END-- [ RunTime:0.001509s ]
INFO: [ app_end ] --START--
INFO: Run Behavior\ShowPageTraceBehavior [ RunTime:0.002121s ]
INFO: [ app_end ] --END-- [ RunTime:0.002282s ]

[ 2016-02-17T22:19:07+08:00 ] 192.168.1.99 /index.php/Admin/GoodsType/index.html
INFO: [ app_init ] --START--
INFO: Run Behavior\BuildLiteBehavior [ RunTime:0.000036s ]
INFO: [ app_init ] --END-- [ RunTime:0.000769s ]
NOTIC: [2] define() expects at least 2 parameters, 1 given /home/www/shop/admin.shop.com/Application/Admin/Conf/config.php 第 2 行.
INFO: [ app_begin ] --START--
INFO: Run Behavior\ReadHtmlCacheBehavior [ RunTime:0.000999s ]
INFO: [ app_begin ] --END-- [ RunTime:0.001218s ]
SQL: SHOW COLUMNS FROM `goods_type` [ RunTime:0.0023s ]
SQL: SELECT COUNT(*) AS tp_count FROM goods_type obj WHERE obj.status > -1 LIMIT 1   [ RunTime:0.0016s ]
SQL: SELECT * FROM goods_type obj WHERE obj.status > -1 LIMIT 0,2   [ RunTime:0.0013s ]
INFO: [ view_parse ] --START--
INFO: [ template_filter ] --START--
INFO: Run Behavior\ContentReplaceBehavior [ RunTime:0.000367s ]
INFO: [ template_filter ] --END-- [ RunTime:0.000898s ]
NOTIC: [8] Undefined index: keyword /home/www/shop/admin.shop.com/Runtime/Cache/Admin/d7923836dddf245555369c15c78467a2.php 第 26 行.
INFO: Run Behavior\ParseTemplateBehavior [ RunTime:0.019949s ]
INFO: [ view_parse ] --END-- [ RunTime:0.020163s ]
INFO: [ view_filter ] --START--
INFO: Run Behavior\WriteHtmlCacheBehavior [ RunTime:0.000311s ]
INFO: [ view_filter ] --END-- [ RunTime:0.000599s ]
INFO: [ app_end ] --START--
INFO: Run Behavior\ShowPageTraceBehavior [ RunTime:0.000623s ]
INFO: [ app_end ] --END-- [ RunTime:0.001009s ]

[ 2016-02-17T22:19:10+08:00 ] 192.168.1.99 /index.php/Admin/GoodsType/add.html
INFO: [ app_init ] --START--
INFO: Run Behavior\BuildLiteBehavior [ RunTime:0.000032s ]
INFO: [ app_init ] --END-- [ RunTime:0.000823s ]
NOTIC: [2] define() expects at least 2 parameters, 1 given /home/www/shop/admin.shop.com/Application/Admin/Conf/config.php 第 2 行.
INFO: [ app_begin ] --START--
INFO: Run Behavior\ReadHtmlCacheBehavior [ RunTime:0.000917s ]
INFO: [ app_begin ] --END-- [ RunTime:0.001031s ]
SQL: SHOW COLUMNS FROM `goods_type` [ RunTime:0.0018s ]
INFO: [ view_parse ] --START--
INFO: [ template_filter ] --START--
INFO: Run Behavior\ContentReplaceBehavior [ RunTime:0.000851s ]
INFO: [ template_filter ] --END-- [ RunTime:0.001071s ]
NOTIC: [8] Undefined variable: name /home/www/shop/admin.shop.com/Runtime/Cache/Admin/850fe260eb1fb2ce12810eb9fee79cb5.php 第 29 行.
NOTIC: [8] Undefined variable: intro /home/www/shop/admin.shop.com/Runtime/Cache/Admin/850fe260eb1fb2ce12810eb9fee79cb5.php 第 47 行.
NOTIC: [8] Undefined variable: id /home/www/shop/admin.shop.com/Runtime/Cache/Admin/850fe260eb1fb2ce12810eb9fee79cb5.php 第 51 行.
INFO: Run Behavior\ParseTemplateBehavior [ RunTime:0.017847s ]
INFO: [ view_parse ] --END-- [ RunTime:0.018023s ]
INFO: [ view_filter ] --START--
INFO: Run Behavior\WriteHtmlCacheBehavior [ RunTime:0.000478s ]
INFO: [ view_filter ] --END-- [ RunTime:0.000569s ]
INFO: [ app_end ] --START--
INFO: Run Behavior\ShowPageTraceBehavior [ RunTime:0.001262s ]
INFO: [ app_end ] --END-- [ RunTime:0.001362s ]

[ 2016-02-17T22:20:16+08:00 ] 192.168.1.99 /index.php/Admin/GoodsType/add.html
INFO: [ app_init ] --START--
INFO: Run Behavior\BuildLiteBehavior [ RunTime:0.000031s ]
INFO: [ app_init ] --END-- [ RunTime:0.000726s ]
NOTIC: [2] define() expects at least 2 parameters, 1 given /home/www/shop/admin.shop.com/Application/Admin/Conf/config.php 第 2 行.
INFO: [ app_begin ] --START--
INFO: Run Behavior\ReadHtmlCacheBehavior [ RunTime:0.000804s ]
INFO: [ app_begin ] --END-- [ RunTime:0.001057s ]
SQL: SHOW COLUMNS FROM `goods_type` [ RunTime:0.0025s ]
SQL: INSERT INTO `goods_type` (`name`,`sort`,`status`,`intro`,`id`) VALUES ('衣服','20','1','衣服','0') [ RunTime:0.0021s ]

[ 2016-02-17T22:20:17+08:00 ] 192.168.1.99 /index.php/Admin/GoodsType/index.html
INFO: [ app_init ] --START--
INFO: Run Behavior\BuildLiteBehavior [ RunTime:0.000041s ]
INFO: [ app_init ] --END-- [ RunTime:0.000961s ]
NOTIC: [2] define() expects at least 2 parameters, 1 given /home/www/shop/admin.shop.com/Application/Admin/Conf/config.php 第 2 行.
INFO: [ app_begin ] --START--
INFO: Run Behavior\ReadHtmlCacheBehavior [ RunTime:0.000772s ]
INFO: [ app_begin ] --END-- [ RunTime:0.001002s ]
SQL: SHOW COLUMNS FROM `goods_type` [ RunTime:0.0023s ]
SQL: SELECT COUNT(*) AS tp_count FROM goods_type obj WHERE obj.status > -1 LIMIT 1   [ RunTime:0.0020s ]
SQL: SELECT * FROM goods_type obj WHERE obj.status > -1 LIMIT 0,2   [ RunTime:0.0009s ]
INFO: [ view_parse ] --START--
INFO: [ template_filter ] --START--
INFO: Run Behavior\ContentReplaceBehavior [ RunTime:0.000501s ]
INFO: [ template_filter ] --END-- [ RunTime:0.000727s ]
NOTIC: [8] Undefined index: keyword /home/www/shop/admin.shop.com/Runtime/Cache/Admin/d7923836dddf245555369c15c78467a2.php 第 26 行.
INFO: Run Behavior\ParseTemplateBehavior [ RunTime:0.017798s ]
INFO: [ view_parse ] --END-- [ RunTime:0.017930s ]
INFO: [ view_filter ] --START--
INFO: Run Behavior\WriteHtmlCacheBehavior [ RunTime:0.000424s ]
INFO: [ view_filter ] --END-- [ RunTime:0.000580s ]
INFO: [ app_end ] --START--
INFO: Run Behavior\ShowPageTraceBehavior [ RunTime:0.000935s ]
INFO: [ app_end ] --END-- [ RunTime:0.001103s ]

[ 2016-02-17T22:20:21+08:00 ] 192.168.1.99 /index.php/Admin/GoodsType/add.html
INFO: [ app_init ] --START--
INFO: Run Behavior\BuildLiteBehavior [ RunTime:0.000179s ]
INFO: [ app_init ] --END-- [ RunTime:0.000909s ]
NOTIC: [2] define() expects at least 2 parameters, 1 given /home/www/shop/admin.shop.com/Application/Admin/Conf/config.php 第 2 行.
INFO: [ app_begin ] --START--
INFO: Run Behavior\ReadHtmlCacheBehavior [ RunTime:0.000840s ]
INFO: [ app_begin ] --END-- [ RunTime:0.001047s ]
SQL: SHOW COLUMNS FROM `goods_type` [ RunTime:0.0026s ]
INFO: [ view_parse ] --START--
INFO: [ template_filter ] --START--
INFO: Run Behavior\ContentReplaceBehavior [ RunTime:0.000294s ]
INFO: [ template_filter ] --END-- [ RunTime:0.000952s ]
NOTIC: [8] Undefined variable: name /home/www/shop/admin.shop.com/Runtime/Cache/Admin/850fe260eb1fb2ce12810eb9fee79cb5.php 第 29 行.
NOTIC: [8] Undefined variable: intro /home/www/shop/admin.shop.com/Runtime/Cache/Admin/850fe260eb1fb2ce12810eb9fee79cb5.php 第 47 行.
NOTIC: [8] Undefined variable: id /home/www/shop/admin.shop.com/Runtime/Cache/Admin/850fe260eb1fb2ce12810eb9fee79cb5.php 第 51 行.
INFO: Run Behavior\ParseTemplateBehavior [ RunTime:0.016616s ]
INFO: [ view_parse ] --END-- [ RunTime:0.016767s ]
INFO: [ view_filter ] --START--
INFO: Run Behavior\WriteHtmlCacheBehavior [ RunTime:0.000356s ]
INFO: [ view_filter ] --END-- [ RunTime:0.000445s ]
INFO: [ app_end ] --START--
INFO: Run Behavior\ShowPageTraceBehavior [ RunTime:0.001833s ]
INFO: [ app_end ] --END-- [ RunTime:0.002029s ]

[ 2016-02-17T22:20:44+08:00 ] 192.168.1.99 /index.php/Admin/GoodsType/add.html
INFO: [ app_init ] --START--
INFO: Run Behavior\BuildLiteBehavior [ RunTime:0.000130s ]
INFO: [ app_init ] --END-- [ RunTime:0.000956s ]
NOTIC: [2] define() expects at least 2 parameters, 1 given /home/www/shop/admin.shop.com/Application/Admin/Conf/config.php 第 2 行.
INFO: [ app_begin ] --START--
INFO: Run Behavior\ReadHtmlCacheBehavior [ RunTime:0.000938s ]
INFO: [ app_begin ] --END-- [ RunTime:0.001100s ]
SQL: SHOW COLUMNS FROM `goods_type` [ RunTime:0.0021s ]
SQL: INSERT INTO `goods_type` (`name`,`sort`,`status`,`intro`,`id`) VALUES ('电脑','20','1','电脑','0') [ RunTime:0.0015s ]

[ 2016-02-17T22:20:45+08:00 ] 192.168.1.99 /index.php/Admin/GoodsType/index.html
INFO: [ app_init ] --START--
INFO: Run Behavior\BuildLiteBehavior [ RunTime:0.000030s ]
INFO: [ app_init ] --END-- [ RunTime:0.000789s ]
NOTIC: [2] define() expects at least 2 parameters, 1 given /home/www/shop/admin.shop.com/Application/Admin/Conf/config.php 第 2 行.
INFO: [ app_begin ] --START--
INFO: Run Behavior\ReadHtmlCacheBehavior [ RunTime:0.000910s ]
INFO: [ app_begin ] --END-- [ RunTime:0.001012s ]
SQL: SHOW COLUMNS FROM `goods_type` [ RunTime:0.0017s ]
SQL: SELECT COUNT(*) AS tp_count FROM goods_type obj WHERE obj.status > -1 LIMIT 1   [ RunTime:0.0012s ]
SQL: SELECT * FROM goods_type obj WHERE obj.status > -1 LIMIT 0,2   [ RunTime:0.0012s ]
INFO: [ view_parse ] --START--
INFO: [ template_filter ] --START--
INFO: Run Behavior\ContentReplaceBehavior [ RunTime:0.000354s ]
INFO: [ template_filter ] --END-- [ RunTime:0.000473s ]
NOTIC: [8] Undefined index: keyword /home/www/shop/admin.shop.com/Runtime/Cache/Admin/d7923836dddf245555369c15c78467a2.php 第 26 行.
INFO: Run Behavior\ParseTemplateBehavior [ RunTime:0.019522s ]
INFO: [ view_parse ] --END-- [ RunTime:0.019887s ]
INFO: [ view_filter ] --START--
INFO: Run Behavior\WriteHtmlCacheBehavior [ RunTime:0.000456s ]
INFO: [ view_filter ] --END-- [ RunTime:0.000819s ]
INFO: [ app_end ] --START--
INFO: Run Behavior\ShowPageTraceBehavior [ RunTime:0.000941s ]
INFO: [ app_end ] --END-- [ RunTime:0.001028s ]

[ 2016-02-17T22:27:05+08:00 ] 192.168.1.99 /Admin/Gii/index.html
INFO: [ app_init ] --START--
INFO: Run Behavior\BuildLiteBehavior [ RunTime:0.000040s ]
INFO: [ app_init ] --END-- [ RunTime:0.000707s ]
NOTIC: [2] define() expects at least 2 parameters, 1 given /home/www/shop/admin.shop.com/Application/Admin/Conf/config.php 第 2 行.
INFO: [ app_begin ] --START--
INFO: Run Behavior\ReadHtmlCacheBehavior [ RunTime:0.001170s ]
INFO: [ app_begin ] --END-- [ RunTime:0.001412s ]
INFO: [ view_parse ] --START--
INFO: [ template_filter ] --START--
INFO: Run Behavior\ContentReplaceBehavior [ RunTime:0.000339s ]
INFO: [ template_filter ] --END-- [ RunTime:0.000938s ]
INFO: Run Behavior\ParseTemplateBehavior [ RunTime:0.015220s ]
INFO: [ view_parse ] --END-- [ RunTime:0.015417s ]
INFO: [ view_filter ] --START--
INFO: Run Behavior\WriteHtmlCacheBehavior [ RunTime:0.000386s ]
INFO: [ view_filter ] --END-- [ RunTime:0.000489s ]
INFO: [ app_end ] --START--
INFO: Run Behavior\ShowPageTraceBehavior [ RunTime:0.000629s ]
INFO: [ app_end ] --END-- [ RunTime:0.000723s ]

[ 2016-02-17T22:27:14+08:00 ] 192.168.1.99 /index.php/Admin/Gii/index.html
INFO: [ app_init ] --START--
INFO: Run Behavior\BuildLiteBehavior [ RunTime:0.000040s ]
INFO: [ app_init ] --END-- [ RunTime:0.000706s ]
NOTIC: [2] define() expects at least 2 parameters, 1 given /home/www/shop/admin.shop.com/Application/Admin/Conf/config.php 第 2 行.
INFO: [ app_begin ] --START--
INFO: Run Behavior\ReadHtmlCacheBehavior [ RunTime:0.000875s ]
INFO: [ app_begin ] --END-- [ RunTime:0.001085s ]
SQL: SELECT table_comment FROM information_schema.`TABLES` WHERE table_schema='shop' AND table_name='attribute' [ RunTime:0.0019s ]
SQL: SHOW FULL COLUMNS FROM attribute [ RunTime:0.0025s ]
NOTIC: [8] Undefined index: field_type /home/www/shop/admin.shop.com/Template/edit.tpl 第 11 行.
NOTIC: [8] Undefined index: field_type /home/www/shop/admin.shop.com/Template/edit.tpl 第 13 行.
NOTIC: [8] Undefined index: field_type /home/www/shop/admin.shop.com/Template/edit.tpl 第 19 行.
NOTIC: [8] Undefined index: field_type /home/www/shop/admin.shop.com/Template/edit.tpl 第 11 行.
NOTIC: [8] Undefined index: field_type /home/www/shop/admin.shop.com/Template/edit.tpl 第 13 行.
NOTIC: [8] Undefined index: field_type /home/www/shop/admin.shop.com/Template/edit.tpl 第 19 行.
NOTIC: [8] Undefined index: field_type /home/www/shop/admin.shop.com/Template/edit.tpl 第 11 行.
NOTIC: [8] Undefined index: field_type /home/www/shop/admin.shop.com/Template/edit.tpl 第 13 行.
NOTIC: [8] Undefined index: field_type /home/www/shop/admin.shop.com/Template/edit.tpl 第 19 行.
NOTIC: [8] Undefined index: field_type /home/www/shop/admin.shop.com/Template/edit.tpl 第 11 行.
NOTIC: [8] Undefined index: field_type /home/www/shop/admin.shop.com/Template/edit.tpl 第 13 行.
INFO: [ view_parse ] --START--
INFO: [ template_filter ] --START--
INFO: Run Behavior\ContentReplaceBehavior [ RunTime:0.000323s ]
INFO: [ template_filter ] --END-- [ RunTime:0.000621s ]
INFO: Run Behavior\ParseTemplateBehavior [ RunTime:0.013069s ]
INFO: [ view_parse ] --END-- [ RunTime:0.013314s ]
INFO: [ view_filter ] --START--
INFO: Run Behavior\WriteHtmlCacheBehavior [ RunTime:0.000406s ]
INFO: [ view_filter ] --END-- [ RunTime:0.000556s ]
INFO: [ app_end ] --START--
INFO: Run Behavior\ShowPageTraceBehavior [ RunTime:0.001185s ]
INFO: [ app_end ] --END-- [ RunTime:0.002382s ]

[ 2016-02-17T22:27:16+08:00 ] 192.168.1.99 /index.php/Admin/Gii/index.html
INFO: [ app_init ] --START--
INFO: Run Behavior\BuildLiteBehavior [ RunTime:0.000034s ]
INFO: [ app_init ] --END-- [ RunTime:0.000733s ]
NOTIC: [2] define() expects at least 2 parameters, 1 given /home/www/shop/admin.shop.com/Application/Admin/Conf/config.php 第 2 行.
INFO: [ app_begin ] --START--
INFO: Run Behavior\ReadHtmlCacheBehavior [ RunTime:0.000750s ]
INFO: [ app_begin ] --END-- [ RunTime:0.001048s ]
INFO: [ view_parse ] --START--
INFO: [ template_filter ] --START--
INFO: Run Behavior\ContentReplaceBehavior [ RunTime:0.000550s ]
INFO: [ template_filter ] --END-- [ RunTime:0.001000s ]
INFO: Run Behavior\ParseTemplateBehavior [ RunTime:0.017623s ]
INFO: [ view_parse ] --END-- [ RunTime:0.017770s ]
INFO: [ view_filter ] --START--
INFO: Run Behavior\WriteHtmlCacheBehavior [ RunTime:0.000444s ]
INFO: [ view_filter ] --END-- [ RunTime:0.000580s ]
INFO: [ app_end ] --START--
INFO: Run Behavior\ShowPageTraceBehavior [ RunTime:0.000689s ]
INFO: [ app_end ] --END-- [ RunTime:0.000968s ]

[ 2016-02-17T22:27:23+08:00 ] 192.168.1.99 /index.php/Admin/Attribute/index.html
INFO: [ app_init ] --START--
INFO: Run Behavior\BuildLiteBehavior [ RunTime:0.000130s ]
INFO: [ app_init ] --END-- [ RunTime:0.000757s ]
NOTIC: [2] define() expects at least 2 parameters, 1 given /home/www/shop/admin.shop.com/Application/Admin/Conf/config.php 第 2 行.
INFO: [ app_begin ] --START--
INFO: Run Behavior\ReadHtmlCacheBehavior [ RunTime:0.000920s ]
INFO: [ app_begin ] --END-- [ RunTime:0.001117s ]
SQL: SHOW COLUMNS FROM `attribute` [ RunTime:0.0031s ]
SQL: SELECT COUNT(*) AS tp_count FROM attribute obj WHERE obj.status > -1 LIMIT 1   [ RunTime:0.0020s ]
SQL: SELECT * FROM attribute obj WHERE obj.status > -1 LIMIT 0,2   [ RunTime:0.0022s ]
INFO: [ view_parse ] --START--
INFO: [ template_filter ] --START--
INFO: Run Behavior\ContentReplaceBehavior [ RunTime:0.000753s ]
INFO: [ template_filter ] --END-- [ RunTime:0.001194s ]
NOTIC: [8] Undefined index: keyword /home/www/shop/admin.shop.com/Runtime/Cache/Admin/4a7baf34c09b6d83695f05acc1794c81.php 第 26 行.
INFO: Run Behavior\ParseTemplateBehavior [ RunTime:0.025871s ]
INFO: [ view_parse ] --END-- [ RunTime:0.026134s ]
INFO: [ view_filter ] --START--
INFO: Run Behavior\WriteHtmlCacheBehavior [ RunTime:0.000775s ]
INFO: [ view_filter ] --END-- [ RunTime:0.001286s ]
INFO: [ app_end ] --START--
INFO: Run Behavior\ShowPageTraceBehavior [ RunTime:0.000828s ]
INFO: [ app_end ] --END-- [ RunTime:0.000931s ]

[ 2016-02-17T22:27:32+08:00 ] 192.168.1.99 /index.php/Admin/Attribute/add.html
INFO: [ app_init ] --START--
INFO: Run Behavior\BuildLiteBehavior [ RunTime:0.000056s ]
INFO: [ app_init ] --END-- [ RunTime:0.003002s ]
NOTIC: [2] define() expects at least 2 parameters, 1 given /home/www/shop/admin.shop.com/Application/Admin/Conf/config.php 第 2 行.
INFO: [ app_begin ] --START--
INFO: Run Behavior\ReadHtmlCacheBehavior [ RunTime:0.001898s ]
INFO: [ app_begin ] --END-- [ RunTime:0.002093s ]
SQL: SHOW COLUMNS FROM `attribute` [ RunTime:0.0047s ]
INFO: [ view_parse ] --START--
INFO: [ template_filter ] --START--
INFO: Run Behavior\ContentReplaceBehavior [ RunTime:0.000708s ]
INFO: [ template_filter ] --END-- [ RunTime:0.001217s ]
NOTIC: [8] Undefined variable: name /home/www/shop/admin.shop.com/Runtime/Cache/Admin/d0a69c981fb3d31c54d8376bd8e79464.php 第 29 行.
NOTIC: [8] Undefined variable: goods_type_id /home/www/shop/admin.shop.com/Runtime/Cache/Admin/d0a69c981fb3d31c54d8376bd8e79464.php 第 35 行.
NOTIC: [8] Undefined variable: option_values /home/www/shop/admin.shop.com/Runtime/Cache/Admin/d0a69c981fb3d31c54d8376bd8e79464.php 第 53 行.
NOTIC: [8] Undefined variable: intro /home/www/shop/admin.shop.com/Runtime/Cache/Admin/d0a69c981fb3d31c54d8376bd8e79464.php 第 71 行.
NOTIC: [8] Undefined variable: id /home/www/shop/admin.shop.com/Runtime/Cache/Admin/d0a69c981fb3d31c54d8376bd8e79464.php 第 75 行.
INFO: Run Behavior\ParseTemplateBehavior [ RunTime:0.034617s ]
INFO: [ view_parse ] --END-- [ RunTime:0.034955s ]
INFO: [ view_filter ] --START--
INFO: Run Behavior\WriteHtmlCacheBehavior [ RunTime:0.000979s ]
INFO: [ view_filter ] --END-- [ RunTime:0.001197s ]
INFO: [ app_end ] --START--
INFO: Run Behavior\ShowPageTraceBehavior [ RunTime:0.001597s ]
INFO: [ app_end ] --END-- [ RunTime:0.002374s ]

[ 2016-02-17T22:31:19+08:00 ] 192.168.1.99 /index.php/Admin/Attribute/index.html
INFO: [ app_init ] --START--
INFO: Run Behavior\BuildLiteBehavior [ RunTime:0.000098s ]
INFO: [ app_init ] --END-- [ RunTime:0.000779s ]
NOTIC: [2] define() expects at least 2 parameters, 1 given /home/www/shop/admin.shop.com/Application/Admin/Conf/config.php 第 2 行.
INFO: [ app_begin ] --START--
INFO: Run Behavior\ReadHtmlCacheBehavior [ RunTime:0.001147s ]
INFO: [ app_begin ] --END-- [ RunTime:0.001401s ]
SQL: SHOW COLUMNS FROM `attribute` [ RunTime:0.0035s ]
SQL: SELECT COUNT(*) AS tp_count FROM attribute obj WHERE obj.status > -1 LIMIT 1   [ RunTime:0.0013s ]
SQL: SELECT * FROM attribute obj WHERE obj.status > -1 LIMIT 0,2   [ RunTime:0.0020s ]
INFO: [ view_parse ] --START--
INFO: [ template_filter ] --START--
INFO: Run Behavior\ContentReplaceBehavior [ RunTime:0.000195s ]
INFO: [ template_filter ] --END-- [ RunTime:0.000594s ]
NOTIC: [8] Undefined index: keyword /home/www/shop/admin.shop.com/Runtime/Cache/Admin/4a7baf34c09b6d83695f05acc1794c81.php 第 26 行.
INFO: Run Behavior\ParseTemplateBehavior [ RunTime:0.023091s ]
INFO: [ view_parse ] --END-- [ RunTime:0.023438s ]
INFO: [ view_filter ] --START--
INFO: Run Behavior\WriteHtmlCacheBehavior [ RunTime:0.000567s ]
INFO: [ view_filter ] --END-- [ RunTime:0.000793s ]
INFO: [ app_end ] --START--
INFO: Run Behavior\ShowPageTraceBehavior [ RunTime:0.000992s ]
INFO: [ app_end ] --END-- [ RunTime:0.001171s ]

[ 2016-02-17T22:31:20+08:00 ] 192.168.1.99 /index.php/Admin/Attribute/index.html
INFO: [ app_init ] --START--
INFO: Run Behavior\BuildLiteBehavior [ RunTime:0.000032s ]
INFO: [ app_init ] --END-- [ RunTime:0.000842s ]
NOTIC: [2] define() expects at least 2 parameters, 1 given /home/www/shop/admin.shop.com/Application/Admin/Conf/config.php 第 2 行.
INFO: [ app_begin ] --START--
INFO: Run Behavior\ReadHtmlCacheBehavior [ RunTime:0.001083s ]
INFO: [ app_begin ] --END-- [ RunTime:0.001247s ]
SQL: SHOW COLUMNS FROM `attribute` [ RunTime:0.0023s ]
SQL: SELECT COUNT(*) AS tp_count FROM attribute obj WHERE obj.status > -1 LIMIT 1   [ RunTime:0.0011s ]
SQL: SELECT * FROM attribute obj WHERE obj.status > -1 LIMIT 0,2   [ RunTime:0.0012s ]
INFO: [ view_parse ] --START--
INFO: [ template_filter ] --START--
INFO: Run Behavior\ContentReplaceBehavior [ RunTime:0.000221s ]
INFO: [ template_filter ] --END-- [ RunTime:0.000438s ]
NOTIC: [8] Undefined index: keyword /home/www/shop/admin.shop.com/Runtime/Cache/Admin/4a7baf34c09b6d83695f05acc1794c81.php 第 26 行.
INFO: Run Behavior\ParseTemplateBehavior [ RunTime:0.026678s ]
INFO: [ view_parse ] --END-- [ RunTime:0.026887s ]
INFO: [ view_filter ] --START--
INFO: Run Behavior\WriteHtmlCacheBehavior [ RunTime:0.000603s ]
INFO: [ view_filter ] --END-- [ RunTime:0.000723s ]
INFO: [ app_end ] --START--
INFO: Run Behavior\ShowPageTraceBehavior [ RunTime:0.000961s ]
INFO: [ app_end ] --END-- [ RunTime:0.001054s ]

[ 2016-02-17T22:31:20+08:00 ] 192.168.1.99 /index.php/Admin/Attribute/index.html
INFO: [ app_init ] --START--
INFO: Run Behavior\BuildLiteBehavior [ RunTime:0.000261s ]
INFO: [ app_init ] --END-- [ RunTime:0.000738s ]
NOTIC: [2] define() expects at least 2 parameters, 1 given /home/www/shop/admin.shop.com/Application/Admin/Conf/config.php 第 2 行.
INFO: [ app_begin ] --START--
INFO: Run Behavior\ReadHtmlCacheBehavior [ RunTime:0.000941s ]
INFO: [ app_begin ] --END-- [ RunTime:0.001185s ]
SQL: SHOW COLUMNS FROM `attribute` [ RunTime:0.0030s ]
SQL: SELECT COUNT(*) AS tp_count FROM attribute obj WHERE obj.status > -1 LIMIT 1   [ RunTime:0.0018s ]
SQL: SELECT * FROM attribute obj WHERE obj.status > -1 LIMIT 0,2   [ RunTime:0.0016s ]
INFO: [ view_parse ] --START--
INFO: [ template_filter ] --START--
INFO: Run Behavior\ContentReplaceBehavior [ RunTime:0.000586s ]
INFO: [ template_filter ] --END-- [ RunTime:0.000999s ]
NOTIC: [8] Undefined index: keyword /home/www/shop/admin.shop.com/Runtime/Cache/Admin/4a7baf34c09b6d83695f05acc1794c81.php 第 26 行.
INFO: Run Behavior\ParseTemplateBehavior [ RunTime:0.020630s ]
INFO: [ view_parse ] --END-- [ RunTime:0.020760s ]
INFO: [ view_filter ] --START--
INFO: Run Behavior\WriteHtmlCacheBehavior [ RunTime:0.001115s ]
INFO: [ view_filter ] --END-- [ RunTime:0.001297s ]
INFO: [ app_end ] --START--
INFO: Run Behavior\ShowPageTraceBehavior [ RunTime:0.000815s ]
INFO: [ app_end ] --END-- [ RunTime:0.001028s ]

[ 2016-02-17T22:31:21+08:00 ] 192.168.1.99 /index.php/Admin/Attribute/index.html
INFO: [ app_init ] --START--
INFO: Run Behavior\BuildLiteBehavior [ RunTime:0.000016s ]
INFO: [ app_init ] --END-- [ RunTime:0.000971s ]
NOTIC: [2] define() expects at least 2 parameters, 1 given /home/www/shop/admin.shop.com/Application/Admin/Conf/config.php 第 2 行.
INFO: [ app_begin ] --START--
INFO: Run Behavior\ReadHtmlCacheBehavior [ RunTime:0.000875s ]
INFO: [ app_begin ] --END-- [ RunTime:0.001056s ]
SQL: SHOW COLUMNS FROM `attribute` [ RunTime:0.0032s ]
SQL: SELECT COUNT(*) AS tp_count FROM attribute obj WHERE obj.status > -1 LIMIT 1   [ RunTime:0.0014s ]
SQL: SELECT * FROM attribute obj WHERE obj.status > -1 LIMIT 0,2   [ RunTime:0.0012s ]
INFO: [ view_parse ] --START--
INFO: [ template_filter ] --START--
INFO: Run Behavior\ContentReplaceBehavior [ RunTime:0.000406s ]
INFO: [ template_filter ] --END-- [ RunTime:0.000976s ]
NOTIC: [8] Undefined index: keyword /home/www/shop/admin.shop.com/Runtime/Cache/Admin/4a7baf34c09b6d83695f05acc1794c81.php 第 26 行.
INFO: Run Behavior\ParseTemplateBehavior [ RunTime:0.023205s ]
INFO: [ view_parse ] --END-- [ RunTime:0.023404s ]
INFO: [ view_filter ] --START--
INFO: Run Behavior\WriteHtmlCacheBehavior [ RunTime:0.000738s ]
INFO: [ view_filter ] --END-- [ RunTime:0.000837s ]
INFO: [ app_end ] --START--
INFO: Run Behavior\ShowPageTraceBehavior [ RunTime:0.000820s ]
INFO: [ app_end ] --END-- [ RunTime:0.000947s ]

[ 2016-02-17T22:31:22+08:00 ] 192.168.1.99 /index.php/Admin/Attribute/index.html
INFO: [ app_init ] --START--
INFO: Run Behavior\BuildLiteBehavior [ RunTime:0.000269s ]
INFO: [ app_init ] --END-- [ RunTime:0.000733s ]
NOTIC: [2] define() expects at least 2 parameters, 1 given /home/www/shop/admin.shop.com/Application/Admin/Conf/config.php 第 2 行.
INFO: [ app_begin ] --START--
INFO: Run Behavior\ReadHtmlCacheBehavior [ RunTime:0.000734s ]
INFO: [ app_begin ] --END-- [ RunTime:0.000885s ]
SQL: SHOW COLUMNS FROM `attribute` [ RunTime:0.0055s ]
SQL: SELECT COUNT(*) AS tp_count FROM attribute obj WHERE obj.status > -1 LIMIT 1   [ RunTime:0.0016s ]
SQL: SELECT * FROM attribute obj WHERE obj.status > -1 LIMIT 0,2   [ RunTime:0.0013s ]
INFO: [ view_parse ] --START--
INFO: [ template_filter ] --START--
INFO: Run Behavior\ContentReplaceBehavior [ RunTime:0.000216s ]
INFO: [ template_filter ] --END-- [ RunTime:0.000386s ]
NOTIC: [8] Undefined index: keyword /home/www/shop/admin.shop.com/Runtime/Cache/Admin/4a7baf34c09b6d83695f05acc1794c81.php 第 26 行.
INFO: Run Behavior\ParseTemplateBehavior [ RunTime:0.022584s ]
INFO: [ view_parse ] --END-- [ RunTime:0.022695s ]
INFO: [ view_filter ] --START--
INFO: Run Behavior\WriteHtmlCacheBehavior [ RunTime:0.000329s ]
INFO: [ view_filter ] --END-- [ RunTime:0.000725s ]
INFO: [ app_end ] --START--
INFO: Run Behavior\ShowPageTraceBehavior [ RunTime:0.001566s ]
INFO: [ app_end ] --END-- [ RunTime:0.001994s ]

[ 2016-02-17T22:31:22+08:00 ] 192.168.1.99 /index.php/Admin/Attribute/index.html
INFO: [ app_init ] --START--
INFO: Run Behavior\BuildLiteBehavior [ RunTime:0.000132s ]
INFO: [ app_init ] --END-- [ RunTime:0.000925s ]
NOTIC: [2] define() expects at least 2 parameters, 1 given /home/www/shop/admin.shop.com/Application/Admin/Conf/config.php 第 2 行.
INFO: [ app_begin ] --START--
INFO: Run Behavior\ReadHtmlCacheBehavior [ RunTime:0.000951s ]
INFO: [ app_begin ] --END-- [ RunTime:0.001162s ]
SQL: SHOW COLUMNS FROM `attribute` [ RunTime:0.0025s ]
SQL: SELECT COUNT(*) AS tp_count FROM attribute obj WHERE obj.status > -1 LIMIT 1   [ RunTime:0.0014s ]
SQL: SELECT * FROM attribute obj WHERE obj.status > -1 LIMIT 0,2   [ RunTime:0.0014s ]
INFO: [ view_parse ] --START--
INFO: [ template_filter ] --START--
INFO: Run Behavior\ContentReplaceBehavior [ RunTime:0.000048s ]
INFO: [ template_filter ] --END-- [ RunTime:0.000674s ]
NOTIC: [8] Undefined index: keyword /home/www/shop/admin.shop.com/Runtime/Cache/Admin/4a7baf34c09b6d83695f05acc1794c81.php 第 26 行.
INFO: Run Behavior\ParseTemplateBehavior [ RunTime:0.023285s ]
INFO: [ view_parse ] --END-- [ RunTime:0.023795s ]
INFO: [ view_filter ] --START--
INFO: Run Behavior\WriteHtmlCacheBehavior [ RunTime:0.000448s ]
INFO: [ view_filter ] --END-- [ RunTime:0.000591s ]
INFO: [ app_end ] --START--
INFO: Run Behavior\ShowPageTraceBehavior [ RunTime:0.000604s ]
INFO: [ app_end ] --END-- [ RunTime:0.001201s ]

[ 2016-02-17T22:31:49+08:00 ] 192.168.1.99 /index.php/Admin/Attribute/index.html
INFO: [ app_init ] --START--
INFO: Run Behavior\BuildLiteBehavior [ RunTime:0.000421s ]
INFO: [ app_init ] --END-- [ RunTime:0.001994s ]
NOTIC: [2] define() expects at least 2 parameters, 1 given /home/www/shop/admin.shop.com/Application/Admin/Conf/config.php 第 2 行.
INFO: [ app_begin ] --START--
INFO: Run Behavior\ReadHtmlCacheBehavior [ RunTime:0.000882s ]
INFO: [ app_begin ] --END-- [ RunTime:0.001062s ]
SQL: SHOW COLUMNS FROM `attribute` [ RunTime:0.0022s ]
SQL: SELECT COUNT(*) AS tp_count FROM attribute obj WHERE obj.status > -1 LIMIT 1   [ RunTime:0.0017s ]
SQL: SELECT * FROM attribute obj WHERE obj.status > -1 LIMIT 0,2   [ RunTime:0.0019s ]
INFO: [ view_parse ] --START--
INFO: [ template_filter ] --START--
INFO: Run Behavior\ContentReplaceBehavior [ RunTime:0.000412s ]
INFO: [ template_filter ] --END-- [ RunTime:0.001119s ]
NOTIC: [8] Undefined index: keyword /home/www/shop/admin.shop.com/Runtime/Cache/Admin/4a7baf34c09b6d83695f05acc1794c81.php 第 26 行.
INFO: Run Behavior\ParseTemplateBehavior [ RunTime:0.021256s ]
INFO: [ view_parse ] --END-- [ RunTime:0.021949s ]
INFO: [ view_filter ] --START--
INFO: Run Behavior\WriteHtmlCacheBehavior [ RunTime:0.000652s ]
INFO: [ view_filter ] --END-- [ RunTime:0.000797s ]
INFO: [ app_end ] --START--
INFO: Run Behavior\ShowPageTraceBehavior [ RunTime:0.000598s ]
INFO: [ app_end ] --END-- [ RunTime:0.000963s ]

[ 2016-02-17T22:31:51+08:00 ] 192.168.1.99 /index.php/Admin/Attribute/index.html
INFO: [ app_init ] --START--
INFO: Run Behavior\BuildLiteBehavior [ RunTime:0.000074s ]
INFO: [ app_init ] --END-- [ RunTime:0.000646s ]
NOTIC: [2] define() expects at least 2 parameters, 1 given /home/www/shop/admin.shop.com/Application/Admin/Conf/config.php 第 2 行.
INFO: [ app_begin ] --START--
INFO: Run Behavior\ReadHtmlCacheBehavior [ RunTime:0.000933s ]
INFO: [ app_begin ] --END-- [ RunTime:0.001043s ]
SQL: SHOW COLUMNS FROM `attribute` [ RunTime:0.0031s ]
SQL: SELECT COUNT(*) AS tp_count FROM attribute obj WHERE obj.status > -1 LIMIT 1   [ RunTime:0.0008s ]
SQL: SELECT * FROM attribute obj WHERE obj.status > -1 LIMIT 0,2   [ RunTime:0.0010s ]
INFO: [ view_parse ] --START--
INFO: [ template_filter ] --START--
INFO: Run Behavior\ContentReplaceBehavior [ RunTime:0.000370s ]
INFO: [ template_filter ] --END-- [ RunTime:0.000560s ]
NOTIC: [8] Undefined index: keyword /home/www/shop/admin.shop.com/Runtime/Cache/Admin/4a7baf34c09b6d83695f05acc1794c81.php 第 26 行.
INFO: Run Behavior\ParseTemplateBehavior [ RunTime:0.019121s ]
INFO: [ view_parse ] --END-- [ RunTime:0.019450s ]
INFO: [ view_filter ] --START--
INFO: Run Behavior\WriteHtmlCacheBehavior [ RunTime:0.000678s ]
INFO: [ view_filter ] --END-- [ RunTime:0.000808s ]
INFO: [ app_end ] --START--
INFO: Run Behavior\ShowPageTraceBehavior [ RunTime:0.000969s ]
INFO: [ app_end ] --END-- [ RunTime:0.001103s ]

[ 2016-02-17T22:31:51+08:00 ] 192.168.1.99 /index.php/Admin/Attribute/index.html
INFO: [ app_init ] --START--
INFO: Run Behavior\BuildLiteBehavior [ RunTime:0.000335s ]
INFO: [ app_init ] --END-- [ RunTime:0.000673s ]
NOTIC: [2] define() expects at least 2 parameters, 1 given /home/www/shop/admin.shop.com/Application/Admin/Conf/config.php 第 2 行.
INFO: [ app_begin ] --START--
INFO: Run Behavior\ReadHtmlCacheBehavior [ RunTime:0.000905s ]
INFO: [ app_begin ] --END-- [ RunTime:0.001073s ]
SQL: SHOW COLUMNS FROM `attribute` [ RunTime:0.0020s ]
SQL: SELECT COUNT(*) AS tp_count FROM attribute obj WHERE obj.status > -1 LIMIT 1   [ RunTime:0.0013s ]
SQL: SELECT * FROM attribute obj WHERE obj.status > -1 LIMIT 0,2   [ RunTime:0.0014s ]
INFO: [ view_parse ] --START--
INFO: [ template_filter ] --START--
INFO: Run Behavior\ContentReplaceBehavior [ RunTime:0.000914s ]
INFO: [ template_filter ] --END-- [ RunTime:0.001688s ]
NOTIC: [8] Undefined index: keyword /home/www/shop/admin.shop.com/Runtime/Cache/Admin/4a7baf34c09b6d83695f05acc1794c81.php 第 26 行.
INFO: Run Behavior\ParseTemplateBehavior [ RunTime:0.022198s ]
INFO: [ view_parse ] --END-- [ RunTime:0.022749s ]
INFO: [ view_filter ] --START--
INFO: Run Behavior\WriteHtmlCacheBehavior [ RunTime:0.000475s ]
INFO: [ view_filter ] --END-- [ RunTime:0.000655s ]
INFO: [ app_end ] --START--
INFO: Run Behavior\ShowPageTraceBehavior [ RunTime:0.000869s ]
INFO: [ app_end ] --END-- [ RunTime:0.001005s ]

[ 2016-02-17T22:31:52+08:00 ] 192.168.1.99 /index.php/Admin/Attribute/index.html
INFO: [ app_init ] --START--
INFO: Run Behavior\BuildLiteBehavior [ RunTime:0.000205s ]
INFO: [ app_init ] --END-- [ RunTime:0.000823s ]
NOTIC: [2] define() expects at least 2 parameters, 1 given /home/www/shop/admin.shop.com/Application/Admin/Conf/config.php 第 2 行.
INFO: [ app_begin ] --START--
INFO: Run Behavior\ReadHtmlCacheBehavior [ RunTime:0.001466s ]
INFO: [ app_begin ] --END-- [ RunTime:0.001585s ]
SQL: SHOW COLUMNS FROM `attribute` [ RunTime:0.0031s ]
SQL: SELECT COUNT(*) AS tp_count FROM attribute obj WHERE obj.status > -1 LIMIT 1   [ RunTime:0.0019s ]
SQL: SELECT * FROM attribute obj WHERE obj.status > -1 LIMIT 0,2   [ RunTime:0.0014s ]
INFO: [ view_parse ] --START--
INFO: [ template_filter ] --START--
INFO: Run Behavior\ContentReplaceBehavior [ RunTime:0.000228s ]
INFO: [ template_filter ] --END-- [ RunTime:0.000623s ]
NOTIC: [8] Undefined index: keyword /home/www/shop/admin.shop.com/Runtime/Cache/Admin/4a7baf34c09b6d83695f05acc1794c81.php 第 26 行.
INFO: Run Behavior\ParseTemplateBehavior [ RunTime:0.018402s ]
INFO: [ view_parse ] --END-- [ RunTime:0.018898s ]
INFO: [ view_filter ] --START--
INFO: Run Behavior\WriteHtmlCacheBehavior [ RunTime:0.001000s ]
INFO: [ view_filter ] --END-- [ RunTime:0.001228s ]
INFO: [ app_end ] --START--
INFO: Run Behavior\ShowPageTraceBehavior [ RunTime:0.000630s ]
INFO: [ app_end ] --END-- [ RunTime:0.000755s ]

[ 2016-02-17T22:32:17+08:00 ] 192.168.1.99 /index.php/Admin/Attribute/add.html
INFO: [ app_init ] --START--
INFO: Run Behavior\BuildLiteBehavior [ RunTime:0.000077s ]
INFO: [ app_init ] --END-- [ RunTime:0.000566s ]
NOTIC: [2] define() expects at least 2 parameters, 1 given /home/www/shop/admin.shop.com/Application/Admin/Conf/config.php 第 2 行.
INFO: [ app_begin ] --START--
INFO: Run Behavior\ReadHtmlCacheBehavior [ RunTime:0.000730s ]
INFO: [ app_begin ] --END-- [ RunTime:0.000882s ]
SQL: SHOW COLUMNS FROM `attribute` [ RunTime:0.0028s ]
INFO: [ view_parse ] --START--
INFO: [ template_filter ] --START--
INFO: Run Behavior\ContentReplaceBehavior [ RunTime:0.000382s ]
INFO: [ template_filter ] --END-- [ RunTime:0.000779s ]
NOTIC: [8] Undefined variable: name /home/www/shop/admin.shop.com/Runtime/Cache/Admin/d0a69c981fb3d31c54d8376bd8e79464.php 第 29 行.
NOTIC: [8] Undefined variable: goods_type_id /home/www/shop/admin.shop.com/Runtime/Cache/Admin/d0a69c981fb3d31c54d8376bd8e79464.php 第 35 行.
NOTIC: [8] Undefined variable: option_values /home/www/shop/admin.shop.com/Runtime/Cache/Admin/d0a69c981fb3d31c54d8376bd8e79464.php 第 53 行.
NOTIC: [8] Undefined variable: intro /home/www/shop/admin.shop.com/Runtime/Cache/Admin/d0a69c981fb3d31c54d8376bd8e79464.php 第 71 行.
NOTIC: [8] Undefined variable: id /home/www/shop/admin.shop.com/Runtime/Cache/Admin/d0a69c981fb3d31c54d8376bd8e79464.php 第 75 行.
INFO: Run Behavior\ParseTemplateBehavior [ RunTime:0.019981s ]
INFO: [ view_parse ] --END-- [ RunTime:0.020183s ]
INFO: [ view_filter ] --START--
INFO: Run Behavior\WriteHtmlCacheBehavior [ RunTime:0.000642s ]
INFO: [ view_filter ] --END-- [ RunTime:0.000730s ]
INFO: [ app_end ] --START--
INFO: Run Behavior\ShowPageTraceBehavior [ RunTime:0.002331s ]
INFO: [ app_end ] --END-- [ RunTime:0.002577s ]

