[ 2016-01-07T19:17:20+08:00 ] 192.168.1.99 /Public/Admin/css/jquery-1.11.3.js
INFO: [ app_init ] --START--
INFO: Run Behavior\BuildLiteBehavior [ RunTime:0.000101s ]
INFO: [ app_init ] --END-- [ RunTime:0.001398s ]
ERR: 无法加载模块:404

[ 2016-01-07T19:17:41+08:00 ] 192.168.1.99 /Public/Admin/css/jquery-1.11.3.js
INFO: [ app_init ] --START--
INFO: Run Behavior\BuildLiteBehavior [ RunTime:0.000106s ]
INFO: [ app_init ] --END-- [ RunTime:0.001501s ]
ERR: 无法加载模块:404

[ 2016-01-07T19:18:19+08:00 ] 192.168.1.99 /Public/Admin/css/jquery-1.11.3.js
INFO: [ app_init ] --START--
INFO: Run Behavior\BuildLiteBehavior [ RunTime:0.000429s ]
INFO: [ app_init ] --END-- [ RunTime:0.001337s ]
ERR: 无法加载模块:404

[ 2016-01-07T19:18:20+08:00 ] 192.168.1.99 /Public/Admin/css/jquery-1.11.3.js
INFO: [ app_init ] --START--
INFO: Run Behavior\BuildLiteBehavior [ RunTime:0.000080s ]
INFO: [ app_init ] --END-- [ RunTime:0.001924s ]
ERR: 无法加载模块:404

[ 2016-01-07T19:19:00+08:00 ] 192.168.1.99 /Public/Admin/css/jquery-1.11.3.js
INFO: [ app_init ] --START--
INFO: Run Behavior\BuildLiteBehavior [ RunTime:0.000168s ]
INFO: [ app_init ] --END-- [ RunTime:0.002739s ]
ERR: 无法加载模块:404

[ 2016-01-07T19:19:21+08:00 ] 192.168.1.99 /Public/Admin/css/jquery-1.11.3.js
INFO: [ app_init ] --START--
INFO: Run Behavior\BuildLiteBehavior [ RunTime:0.000118s ]
INFO: [ app_init ] --END-- [ RunTime:0.001546s ]
ERR: 无法加载模块:404

