[ 2016-01-13T00:33:38+08:00 ] 192.168.1.99 /Uploads/2016-01-13/56952adf58fd7.jpg
INFO: [ app_init ] --START--
INFO: Run Behavior\BuildLiteBehavior [ RunTime:0.000155s ]
INFO: [ app_init ] --END-- [ RunTime:0.000856s ]
ERR: 无法加载模块:Uploads

[ 2016-01-13T00:44:16+08:00 ] 192.168.1.99 /Uploads/brand/2016-01-12/56951a6cd06c4.jpg
INFO: [ app_init ] --START--
INFO: Run Behavior\BuildLiteBehavior [ RunTime:0.000109s ]
INFO: [ app_init ] --END-- [ RunTime:0.001344s ]
ERR: 无法加载模块:Uploads

[ 2016-01-13T00:44:34+08:00 ] 192.168.1.99 /Uploads/2016-01-13/56952d6c3c890.jpg
INFO: [ app_init ] --START--
INFO: Run Behavior\BuildLiteBehavior [ RunTime:0.000192s ]
INFO: [ app_init ] --END-- [ RunTime:0.011635s ]
ERR: 无法加载模块:Uploads

[ 2016-01-13T00:48:47+08:00 ] 192.168.1.99 /Public/Admin/uploadify/2016-01-13/56952d6c3c890.jpg
INFO: [ app_init ] --START--
INFO: Run Behavior\BuildLiteBehavior [ RunTime:0.000086s ]
INFO: [ app_init ] --END-- [ RunTime:0.001116s ]
ERR: 无法加载模块:Public

[ 2016-01-13T00:48:49+08:00 ] 192.168.1.99 /Public/Admin/uploadify/brand/2016-01-12/56951a6cd06c4.jpg
INFO: [ app_init ] --START--
INFO: Run Behavior\BuildLiteBehavior [ RunTime:0.000049s ]
INFO: [ app_init ] --END-- [ RunTime:0.000988s ]
ERR: 无法加载模块:Public

[ 2016-01-13T00:49:00+08:00 ] 192.168.1.99 /Public/Admin/uploadify/brand-logo/2016-01-13/56952e7c16a23.jpg
INFO: [ app_init ] --START--
INFO: Run Behavior\BuildLiteBehavior [ RunTime:0.000149s ]
INFO: [ app_init ] --END-- [ RunTime:0.000757s ]
ERR: 无法加载模块:Public

[ 2016-01-13T00:49:05+08:00 ] 192.168.1.99 /Public/Admin/uploadify/brand-logo/2016-01-13/56952e7c16a23.jpg
INFO: [ app_init ] --START--
INFO: Run Behavior\BuildLiteBehavior [ RunTime:0.000111s ]
INFO: [ app_init ] --END-- [ RunTime:0.001137s ]
ERR: 无法加载模块:Public

[ 2016-01-13T00:49:17+08:00 ] 192.168.1.99 /Public/Admin/uploadify/brand-logo/2016-01-13/56952e8da2fc7.jpg
INFO: [ app_init ] --START--
INFO: Run Behavior\BuildLiteBehavior [ RunTime:0.000251s ]
INFO: [ app_init ] --END-- [ RunTime:0.001008s ]
ERR: 无法加载模块:Public

[ 2016-01-13T00:52:05+08:00 ] 192.168.1.99 /Public/Admin/uploadify/brand-logo/2016-01-13/56952e7c16a23.jpg
INFO: [ app_init ] --START--
INFO: Run Behavior\BuildLiteBehavior [ RunTime:0.000091s ]
INFO: [ app_init ] --END-- [ RunTime:0.002834s ]
ERR: 无法加载模块:Public

[ 2016-01-13T00:52:39+08:00 ] 192.168.1.99 /Public/Admin/uploadify/brand-logo/2016-01-13/56952e7c16a23.jpg
INFO: [ app_init ] --START--
INFO: Run Behavior\BuildLiteBehavior [ RunTime:0.000235s ]
INFO: [ app_init ] --END-- [ RunTime:0.001399s ]
ERR: 无法加载模块:Public

[ 2016-01-13T00:52:56+08:00 ] 192.168.1.99 /Public/Admin/uploadify/brand/2016-01-13/56952f67ed070.jpg
INFO: [ app_init ] --START--
INFO: Run Behavior\BuildLiteBehavior [ RunTime:0.000175s ]
INFO: [ app_init ] --END-- [ RunTime:0.000814s ]
ERR: 无法加载模块:Public

